2023-08-16 13:38:38:389  [TID 13600   ][INFO      ] Default Logger initialized [dmvcframework]
2023-08-16 13:38:38:405  [TID 13600   ][INFO      ] ENTER: Config default values [dmvcframework]
2023-08-16 13:38:38:406  [TID 13600   ][INFO      ] EXIT: Config default values [dmvcframework]
2023-08-16 13:38:38:406  [TID 13600   ][INFO      ] >> Custom configuration method [dmvcframework]
2023-08-16 13:38:38:406  [TID 13600   ][INFO      ] << Custom configuration method [dmvcframework]
2023-08-16 13:38:38:536  [TID 13600   ][INFO      ] GET:/api/books/101 [0:0:0:0:0:0:0:1] -> BookController.TBookController.GetBookById - 200 OK [dmvcframework]
2023-08-16 13:38:59:270  [TID 10348   ][INFO      ] Default Logger initialized [dmvcframework]
2023-08-16 13:38:59:296  [TID 10348   ][INFO      ] ENTER: Config default values [dmvcframework]
2023-08-16 13:38:59:297  [TID 10348   ][INFO      ] EXIT: Config default values [dmvcframework]
2023-08-16 13:38:59:318  [TID 10348   ][INFO      ] >> Custom configuration method [dmvcframework]
2023-08-16 13:38:59:318  [TID 10348   ][INFO      ] << Custom configuration method [dmvcframework]
2023-08-16 13:38:59:438  [TID 10348   ][INFO      ] GET:/api/books/101 [0:0:0:0:0:0:0:1] -> BookController.TBookController.GetBookById - 200 OK [dmvcframework]
2023-08-16 15:03:04:255  [TID 3900    ][INFO      ] Default Logger initialized [dmvcframework]
2023-08-16 15:03:04:275  [TID 3900    ][INFO      ] ENTER: Config default values [dmvcframework]
2023-08-16 15:03:04:275  [TID 3900    ][INFO      ] EXIT: Config default values [dmvcframework]
2023-08-16 15:03:04:275  [TID 3900    ][INFO      ] >> Custom configuration method [dmvcframework]
2023-08-16 15:03:04:275  [TID 3900    ][INFO      ] << Custom configuration method [dmvcframework]
2023-08-16 15:03:04:431  [TID 3900    ][INFO      ] POST:/api/books [0:0:0:0:0:0:0:1] -> BookController.TBookController.CreateBook - 201 Created [dmvcframework]
2023-08-16 15:03:07:135  [TID 3900    ][INFO      ] GET:/api/books [0:0:0:0:0:0:0:1] -> BookController.TBookController.GetBooks - 200 OK [dmvcframework]
2023-08-16 15:03:24:027  [TID 3900    ][INFO      ] GET:/api/books/112 [0:0:0:0:0:0:0:1] -> BookController.TBookController.GetBookById - 200 OK [dmvcframework]
2023-08-16 15:03:29:879  [TID 3900    ][INFO      ] PUT:/api/books/112 [0:0:0:0:0:0:0:1] -> BookController.TBookController.UpdateBook - 200 OK [dmvcframework]
2023-08-16 15:03:32:685  [TID 3900    ][INFO      ] GET:/api/books/112 [0:0:0:0:0:0:0:1] -> BookController.TBookController.GetBookById - 200 OK [dmvcframework]
2023-08-16 15:03:39:633  [TID 3900    ][INFO      ] DELETE:/api/books/112 [0:0:0:0:0:0:0:1] -> BookController.TBookController.DeleteBook - 204 No Content [dmvcframework]
2023-08-16 15:03:42:905  [TID 3900    ][INFO      ] GET:/api/books/112 [0:0:0:0:0:0:0:1] -> BookController.TBookController.GetBookById - 200 OK [dmvcframework]
2023-08-16 15:03:48:239  [TID 3900    ][INFO      ] GET:/api/books [0:0:0:0:0:0:0:1] -> BookController.TBookController.GetBooks - 200 OK [dmvcframework]
2023-08-16 15:04:18:426  [TID 14440   ][INFO      ] Default Logger initialized [dmvcframework]
2023-08-16 15:04:18:426  [TID 14440   ][INFO      ] ENTER: Config default values [dmvcframework]
2023-08-16 15:04:18:443  [TID 14440   ][INFO      ] EXIT: Config default values [dmvcframework]
2023-08-16 15:04:18:459  [TID 14440   ][INFO      ] >> Custom configuration method [dmvcframework]
2023-08-16 15:04:18:459  [TID 14440   ][INFO      ] << Custom configuration method [dmvcframework]
2023-08-16 15:07:36:871  [TID 1564    ][INFO      ] Default Logger initialized [dmvcframework]
2023-08-16 15:07:36:888  [TID 1564    ][INFO      ] ENTER: Config default values [dmvcframework]
2023-08-16 15:07:36:888  [TID 1564    ][INFO      ] EXIT: Config default values [dmvcframework]
2023-08-16 15:07:36:888  [TID 1564    ][INFO      ] >> Custom configuration method [dmvcframework]
2023-08-16 15:07:36:888  [TID 1564    ][INFO      ] << Custom configuration method [dmvcframework]
2023-08-16 15:08:36:956  [TID 13388   ][INFO      ] Default Logger initialized [dmvcframework]
2023-08-16 15:08:36:971  [TID 13388   ][INFO      ] ENTER: Config default values [dmvcframework]
2023-08-16 15:08:36:972  [TID 13388   ][INFO      ] EXIT: Config default values [dmvcframework]
2023-08-16 15:08:36:972  [TID 13388   ][INFO      ] >> Custom configuration method [dmvcframework]
2023-08-16 15:08:36:972  [TID 13388   ][INFO      ] << Custom configuration method [dmvcframework]
2023-08-16 15:10:06:220  [TID 12564   ][INFO      ] Default Logger initialized [dmvcframework]
2023-08-16 15:10:06:220  [TID 12564   ][INFO      ] ENTER: Config default values [dmvcframework]
2023-08-16 15:10:06:220  [TID 12564   ][INFO      ] EXIT: Config default values [dmvcframework]
2023-08-16 15:10:06:220  [TID 12564   ][INFO      ] >> Custom configuration method [dmvcframework]
2023-08-16 15:10:06:220  [TID 12564   ][INFO      ] << Custom configuration method [dmvcframework]
2023-08-16 15:10:06:378  [TID 12564   ][INFO      ] GET:/api/books [0:0:0:0:0:0:0:1] -> BookController.TBookController.GetBooks - 200 OK [dmvcframework]
2023-08-16 15:10:11:214  [TID 12564   ][INFO      ] POST:/api/books [0:0:0:0:0:0:0:1] -> BookController.TBookController.CreateBook - 201 Created [dmvcframework]
2023-08-16 15:10:13:191  [TID 12564   ][INFO      ] GET:/api/books [0:0:0:0:0:0:0:1] -> BookController.TBookController.GetBooks - 200 OK [dmvcframework]
2023-08-16 15:10:19:534  [TID 12564   ][INFO      ] GET:/api/books/113 [0:0:0:0:0:0:0:1] -> BookController.TBookController.GetBookById - 200 OK [dmvcframework]
2023-08-16 15:10:28:016  [TID 12564   ][INFO      ] PUT:/api/books/113 [0:0:0:0:0:0:0:1] -> BookController.TBookController.UpdateBook - 200 OK [dmvcframework]
2023-08-16 15:10:30:784  [TID 12564   ][INFO      ] GET:/api/books/113 [0:0:0:0:0:0:0:1] -> BookController.TBookController.GetBookById - 200 OK [dmvcframework]
2023-08-16 15:10:43:332  [TID 12564   ][INFO      ] GET:/api/books/116 [0:0:0:0:0:0:0:1] -> BookController.TBookController.GetBookById - 200 OK [dmvcframework]
2023-08-16 15:11:33:760  [TID 9672    ][INFO      ] Default Logger initialized [dmvcframework]
2023-08-16 15:11:33:779  [TID 9672    ][INFO      ] ENTER: Config default values [dmvcframework]
2023-08-16 15:11:33:779  [TID 9672    ][INFO      ] EXIT: Config default values [dmvcframework]
2023-08-16 15:11:33:779  [TID 9672    ][INFO      ] >> Custom configuration method [dmvcframework]
2023-08-16 15:11:33:779  [TID 9672    ][INFO      ] << Custom configuration method [dmvcframework]
2023-08-16 15:11:33:905  [TID 9672    ][INFO      ] GET:/api/books/116 [0:0:0:0:0:0:0:1] -> BookController.TBookController.GetBookById - 200 OK [dmvcframework]
2023-08-16 15:11:35:347  [TID 9672    ][INFO      ] GET:/api/books/116 [0:0:0:0:0:0:0:1] -> BookController.TBookController.GetBookById - 200 OK [dmvcframework]
2023-08-16 15:11:45:883  [TID 5616    ][INFO      ] Default Logger initialized [dmvcframework]
2023-08-16 15:11:45:883  [TID 5616    ][INFO      ] ENTER: Config default values [dmvcframework]
2023-08-16 15:11:45:883  [TID 5616    ][INFO      ] EXIT: Config default values [dmvcframework]
2023-08-16 15:11:45:883  [TID 5616    ][INFO      ] >> Custom configuration method [dmvcframework]
2023-08-16 15:11:45:883  [TID 5616    ][INFO      ] << Custom configuration method [dmvcframework]
2023-08-16 15:12:17:042  [TID 11384   ][INFO      ] Default Logger initialized [dmvcframework]
2023-08-16 15:12:17:061  [TID 11384   ][INFO      ] ENTER: Config default values [dmvcframework]
2023-08-16 15:12:17:061  [TID 11384   ][INFO      ] EXIT: Config default values [dmvcframework]
2023-08-16 15:12:17:061  [TID 11384   ][INFO      ] >> Custom configuration method [dmvcframework]
2023-08-16 15:12:17:061  [TID 11384   ][INFO      ] << Custom configuration method [dmvcframework]
2023-08-16 15:12:55:400  [TID 5164    ][INFO      ] Default Logger initialized [dmvcframework]
2023-08-16 15:12:55:400  [TID 5164    ][INFO      ] ENTER: Config default values [dmvcframework]
2023-08-16 15:12:55:400  [TID 5164    ][INFO      ] EXIT: Config default values [dmvcframework]
2023-08-16 15:12:55:400  [TID 5164    ][INFO      ] >> Custom configuration method [dmvcframework]
2023-08-16 15:12:55:400  [TID 5164    ][INFO      ] << Custom configuration method [dmvcframework]
2023-08-16 15:13:27:577  [TID 10188   ][INFO      ] Default Logger initialized [dmvcframework]
2023-08-16 15:13:27:595  [TID 10188   ][INFO      ] ENTER: Config default values [dmvcframework]
2023-08-16 15:13:27:595  [TID 10188   ][INFO      ] EXIT: Config default values [dmvcframework]
2023-08-16 15:13:27:595  [TID 10188   ][INFO      ] >> Custom configuration method [dmvcframework]
2023-08-16 15:13:27:595  [TID 10188   ][INFO      ] << Custom configuration method [dmvcframework]
2023-08-16 15:16:49:284  [TID 9280    ][INFO      ] Default Logger initialized [dmvcframework]
2023-08-16 15:16:49:284  [TID 9280    ][INFO      ] ENTER: Config default values [dmvcframework]
2023-08-16 15:16:49:284  [TID 9280    ][INFO      ] EXIT: Config default values [dmvcframework]
2023-08-16 15:16:49:284  [TID 9280    ][INFO      ] >> Custom configuration method [dmvcframework]
2023-08-16 15:16:49:284  [TID 9280    ][INFO      ] << Custom configuration method [dmvcframework]
2023-08-16 15:18:49:969  [TID 13212   ][INFO      ] Default Logger initialized [dmvcframework]
2023-08-16 15:18:49:988  [TID 13212   ][INFO      ] ENTER: Config default values [dmvcframework]
2023-08-16 15:18:49:988  [TID 13212   ][INFO      ] EXIT: Config default values [dmvcframework]
2023-08-16 15:18:49:988  [TID 13212   ][INFO      ] >> Custom configuration method [dmvcframework]
2023-08-16 15:18:49:988  [TID 13212   ][INFO      ] << Custom configuration method [dmvcframework]
2023-08-16 15:18:50:212  [TID 13212   ][INFO      ] GET:/api/books/116 [0:0:0:0:0:0:0:1] -> BookController.TBookController.GetBookById - 404 Not Found [dmvcframework]
2023-08-16 15:32:46:822  [TID 8992    ][INFO      ] Default Logger initialized [dmvcframework]
2023-08-16 15:32:46:840  [TID 8992    ][INFO      ] ENTER: Config default values [dmvcframework]
2023-08-16 15:32:46:840  [TID 8992    ][INFO      ] EXIT: Config default values [dmvcframework]
2023-08-16 15:32:46:840  [TID 8992    ][INFO      ] >> Custom configuration method [dmvcframework]
2023-08-16 15:32:46:840  [TID 8992    ][INFO      ] << Custom configuration method [dmvcframework]
2023-08-16 15:32:47:060  [TID 8992    ][INFO      ] GET:/api/books/116 [0:0:0:0:0:0:0:1] -> BookController.TBookController.GetBookById - 404 Not Found [dmvcframework]
2023-08-16 15:32:50:411  [TID 5164    ][INFO      ] GET:/api/books/113 [0:0:0:0:0:0:0:1] -> BookController.TBookController.GetBookById - 200 OK [dmvcframework]
2023-08-16 15:32:58:813  [TID 5164    ][INFO      ] DELETE:/api/books/117 [0:0:0:0:0:0:0:1] -> BookController.TBookController.DeleteBook - 500 Internal Server Error [dmvcframework]
2023-08-16 15:33:10:720  [TID 5164    ][INFO      ] DELETE:/api/books/117 [0:0:0:0:0:0:0:1] -> BookController.TBookController.DeleteBook - 500 Internal Server Error [dmvcframework]
2023-08-16 15:38:19:760  [TID 7160    ][INFO      ] Default Logger initialized [dmvcframework]
2023-08-16 15:38:19:778  [TID 7160    ][INFO      ] ENTER: Config default values [dmvcframework]
2023-08-16 15:38:19:778  [TID 7160    ][INFO      ] EXIT: Config default values [dmvcframework]
2023-08-16 15:38:19:778  [TID 7160    ][INFO      ] >> Custom configuration method [dmvcframework]
2023-08-16 15:38:19:778  [TID 7160    ][INFO      ] << Custom configuration method [dmvcframework]
2023-08-16 15:38:19:984  [TID 7160    ][ERROR     ] [EMVCActiveRecordNotFound] No record deleted for key [Entity: TBookActiveRecord][PK: ID] [PathInfo "DELETE /api/books/117"] (Custom message: "") [dmvcframework]
2023-08-16 15:41:49:528  [TID 12044   ][INFO      ] Default Logger initialized [dmvcframework]
2023-08-16 15:41:49:528  [TID 12044   ][INFO      ] ENTER: Config default values [dmvcframework]
2023-08-16 15:41:49:528  [TID 12044   ][INFO      ] EXIT: Config default values [dmvcframework]
2023-08-16 15:41:49:529  [TID 12044   ][INFO      ] >> Custom configuration method [dmvcframework]
2023-08-16 15:41:49:548  [TID 12044   ][INFO      ] << Custom configuration method [dmvcframework]
2023-08-16 15:41:49:551  [TID 12044   ][INFO      ] GET:/api/books/113 [0:0:0:0:0:0:0:1] -> BookController.TBookController.GetBookById - 200 OK [dmvcframework]
2023-08-16 15:41:56:601  [TID 12044   ][INFO      ] GET:/api/books/117 [0:0:0:0:0:0:0:1] -> BookController.TBookController.GetBookById - 200 OK [dmvcframework]
2023-08-16 15:45:06:764  [TID 12044   ][ERROR     ] [EMVCActiveRecordNotFound] No record updated for key [Entity: TBookActiveRecord][PK: ID] [PathInfo "PUT /api/books/118"] (Custom message: "") [dmvcframework]
2023-08-16 15:46:38:370  [TID 8676    ][INFO      ] Default Logger initialized [dmvcframework]
2023-08-16 15:46:38:370  [TID 8676    ][INFO      ] ENTER: Config default values [dmvcframework]
2023-08-16 15:46:38:370  [TID 8676    ][INFO      ] EXIT: Config default values [dmvcframework]
2023-08-16 15:46:38:370  [TID 8676    ][INFO      ] >> Custom configuration method [dmvcframework]
2023-08-16 15:46:38:370  [TID 8676    ][INFO      ] << Custom configuration method [dmvcframework]
2023-08-16 15:46:38:588  [TID 8676    ][ERROR     ] [EMVCActiveRecordNotFound] Book not found [PathInfo "GET /api/books/117"] (Custom message: "") [dmvcframework]
2023-08-16 15:51:08:172  [TID 7312    ][INFO      ] Default Logger initialized [dmvcframework]
2023-08-16 15:51:08:172  [TID 7312    ][INFO      ] ENTER: Config default values [dmvcframework]
2023-08-16 15:51:08:173  [TID 7312    ][INFO      ] EXIT: Config default values [dmvcframework]
2023-08-16 15:51:08:173  [TID 7312    ][INFO      ] >> Custom configuration method [dmvcframework]
2023-08-16 15:51:08:173  [TID 7312    ][INFO      ] << Custom configuration method [dmvcframework]
2023-08-16 15:51:08:399  [TID 7312    ][ERROR     ] [EMVCActiveRecordNotFound] TBookActiveRecordDAO: Book with ID 117 not found [PathInfo "GET /api/books/117"] (Custom message: "") [dmvcframework]
2023-08-16 15:51:22:386  [TID 13192   ][ERROR     ] [EMVCActiveRecordNotFound] No record deleted for key [Entity: TBookActiveRecord][PK: ID] [PathInfo "DELETE /api/books/117"] (Custom message: "") [dmvcframework]
2023-08-16 15:51:29:145  [TID 8256    ][ERROR     ] [EMVCActiveRecordNotFound] No record updated for key [Entity: TBookActiveRecord][PK: ID] [PathInfo "PUT /api/books/118"] (Custom message: "") [dmvcframework]
2023-08-16 15:51:34:528  [TID 7452    ][INFO      ] GET:/api/books [0:0:0:0:0:0:0:1] -> BookController.TBookController.GetBooks - 200 OK [dmvcframework]
2023-08-16 15:51:40:409  [TID 7452    ][INFO      ] POST:/api/books [0:0:0:0:0:0:0:1] -> BookController.TBookController.CreateBook - 201 Created [dmvcframework]
2023-08-16 15:56:33:432  [TID 1092    ][INFO      ] Default Logger initialized [dmvcframework]
2023-08-16 15:56:33:432  [TID 1092    ][INFO      ] ENTER: Config default values [dmvcframework]
2023-08-16 15:56:33:432  [TID 1092    ][INFO      ] EXIT: Config default values [dmvcframework]
2023-08-16 15:56:33:432  [TID 1092    ][INFO      ] >> Custom configuration method [dmvcframework]
2023-08-16 15:56:33:432  [TID 1092    ][INFO      ] << Custom configuration method [dmvcframework]
2023-08-16 15:56:33:588  [TID 1092    ][INFO      ] GET:/api/books [0:0:0:0:0:0:0:1] -> BookController.TBookController.GetBooks - 200 OK [dmvcframework]
2023-08-16 15:56:41:731  [TID 1092    ][INFO      ] POST:/api/books [0:0:0:0:0:0:0:1] -> BookController.TBookController.CreateBook - 201 Created [dmvcframework]
2023-08-16 15:58:55:607  [TID 9084    ][INFO      ] Default Logger initialized [dmvcframework]
2023-08-16 15:58:55:625  [TID 9084    ][INFO      ] ENTER: Config default values [dmvcframework]
2023-08-16 15:58:55:625  [TID 9084    ][INFO      ] EXIT: Config default values [dmvcframework]
2023-08-16 15:58:55:625  [TID 9084    ][INFO      ] >> Custom configuration method [dmvcframework]
2023-08-16 15:58:55:625  [TID 9084    ][INFO      ] << Custom configuration method [dmvcframework]
2023-08-16 15:58:55:714  [TID 9084    ][INFO      ] POST:/api/books [0:0:0:0:0:0:0:1] -> BookController.TBookController.CreateBook - 500 Internal Server Error [dmvcframework]
2023-08-16 16:00:39:745  [TID 4228    ][INFO      ] Default Logger initialized [dmvcframework]
2023-08-16 16:00:39:764  [TID 4228    ][INFO      ] ENTER: Config default values [dmvcframework]
2023-08-16 16:00:39:764  [TID 4228    ][INFO      ] EXIT: Config default values [dmvcframework]
2023-08-16 16:00:39:764  [TID 4228    ][INFO      ] >> Custom configuration method [dmvcframework]
2023-08-16 16:00:39:764  [TID 4228    ][INFO      ] << Custom configuration method [dmvcframework]
2023-08-16 16:00:39:852  [TID 4228    ][INFO      ] POST:/api/books [0:0:0:0:0:0:0:1] -> BookController.TBookController.CreateBook - 500 Internal Server Error [dmvcframework]
2023-08-16 16:12:54:737  [TID 8420    ][INFO      ] Default Logger initialized [dmvcframework]
2023-08-16 16:12:54:737  [TID 8420    ][INFO      ] ENTER: Config default values [dmvcframework]
2023-08-16 16:12:54:737  [TID 8420    ][INFO      ] EXIT: Config default values [dmvcframework]
2023-08-16 16:12:54:737  [TID 8420    ][INFO      ] >> Custom configuration method [dmvcframework]
2023-08-16 16:12:54:737  [TID 8420    ][INFO      ] << Custom configuration method [dmvcframework]
2023-08-16 16:12:54:831  [TID 8420    ][INFO      ] POST:/api/books [0:0:0:0:0:0:0:1] -> BookController.TBookController.CreateBook - 500 Internal Server Error [dmvcframework]
2023-08-16 16:13:59:596  [TID 8900    ][INFO      ] Default Logger initialized [dmvcframework]
2023-08-16 16:13:59:596  [TID 8900    ][INFO      ] ENTER: Config default values [dmvcframework]
2023-08-16 16:13:59:616  [TID 8900    ][INFO      ] EXIT: Config default values [dmvcframework]
2023-08-16 16:13:59:616  [TID 8900    ][INFO      ] >> Custom configuration method [dmvcframework]
2023-08-16 16:13:59:616  [TID 8900    ][INFO      ] << Custom configuration method [dmvcframework]
2023-08-16 16:13:59:674  [TID 8900    ][INFO      ] POST:/api/books [0:0:0:0:0:0:0:1] -> BookController.TBookController.CreateBook - 500 Internal Server Error [dmvcframework]
2023-08-16 16:15:15:703  [TID 8632    ][INFO      ] Default Logger initialized [dmvcframework]
2023-08-16 16:15:15:722  [TID 8632    ][INFO      ] ENTER: Config default values [dmvcframework]
2023-08-16 16:15:15:722  [TID 8632    ][INFO      ] EXIT: Config default values [dmvcframework]
2023-08-16 16:15:15:722  [TID 8632    ][INFO      ] >> Custom configuration method [dmvcframework]
2023-08-16 16:15:15:722  [TID 8632    ][INFO      ] << Custom configuration method [dmvcframework]
2023-08-16 16:15:15:775  [TID 8632    ][INFO      ] POST:/api/books [0:0:0:0:0:0:0:1] -> BookController.TBookController.CreateBook - 500 Internal Server Error [dmvcframework]
2023-08-16 16:17:12:117  [TID 12920   ][INFO      ] Default Logger initialized [dmvcframework]
2023-08-16 16:17:12:137  [TID 12920   ][INFO      ] ENTER: Config default values [dmvcframework]
2023-08-16 16:17:12:137  [TID 12920   ][INFO      ] EXIT: Config default values [dmvcframework]
2023-08-16 16:17:12:137  [TID 12920   ][INFO      ] >> Custom configuration method [dmvcframework]
2023-08-16 16:17:12:137  [TID 12920   ][INFO      ] << Custom configuration method [dmvcframework]
2023-08-16 16:17:12:195  [TID 12920   ][INFO      ] POST:/api/books [0:0:0:0:0:0:0:1] -> BookController.TBookController.CreateBook - 500 Internal Server Error [dmvcframework]
2023-08-16 16:17:41:353  [TID 816     ][INFO      ] Default Logger initialized [dmvcframework]
2023-08-16 16:17:41:353  [TID 816     ][INFO      ] ENTER: Config default values [dmvcframework]
2023-08-16 16:17:41:376  [TID 816     ][INFO      ] EXIT: Config default values [dmvcframework]
2023-08-16 16:17:41:376  [TID 816     ][INFO      ] >> Custom configuration method [dmvcframework]
2023-08-16 16:17:41:376  [TID 816     ][INFO      ] << Custom configuration method [dmvcframework]
2023-08-16 16:17:41:433  [TID 816     ][INFO      ] POST:/api/books [0:0:0:0:0:0:0:1] -> BookController.TBookController.CreateBook - 500 Internal Server Error [dmvcframework]
2023-08-16 16:17:43:312  [TID 816     ][INFO      ] POST:/api/books [0:0:0:0:0:0:0:1] -> BookController.TBookController.CreateBook - 500 Internal Server Error [dmvcframework]
2023-08-16 16:18:22:733  [TID 1284    ][INFO      ] Default Logger initialized [dmvcframework]
2023-08-16 16:18:22:750  [TID 1284    ][INFO      ] ENTER: Config default values [dmvcframework]
2023-08-16 16:18:22:750  [TID 1284    ][INFO      ] EXIT: Config default values [dmvcframework]
2023-08-16 16:18:22:750  [TID 1284    ][INFO      ] >> Custom configuration method [dmvcframework]
2023-08-16 16:18:22:750  [TID 1284    ][INFO      ] << Custom configuration method [dmvcframework]
2023-08-16 16:18:22:820  [TID 1284    ][INFO      ] POST:/api/books [0:0:0:0:0:0:0:1] -> BookController.TBookController.CreateBook - 500 Internal Server Error [dmvcframework]
2023-08-16 16:18:58:125  [TID 7548    ][INFO      ] Default Logger initialized [dmvcframework]
2023-08-16 16:18:58:149  [TID 7548    ][INFO      ] ENTER: Config default values [dmvcframework]
2023-08-16 16:18:58:149  [TID 7548    ][INFO      ] EXIT: Config default values [dmvcframework]
2023-08-16 16:18:58:149  [TID 7548    ][INFO      ] >> Custom configuration method [dmvcframework]
2023-08-16 16:18:58:149  [TID 7548    ][INFO      ] << Custom configuration method [dmvcframework]
2023-08-16 16:18:58:205  [TID 7548    ][ERROR     ] [Exception] Invalid Request [PathInfo "POST /api/books"] (Custom message: "Global Action Exception Handler") [dmvcframework]
2023-08-16 16:19:20:891  [TID 7548    ][ERROR     ] [Exception] Invalid Request [PathInfo "POST /api/books"] (Custom message: "Global Action Exception Handler") [dmvcframework]
2023-08-16 16:19:23:103  [TID 7548    ][ERROR     ] [Exception] Invalid Request [PathInfo "POST /api/books"] (Custom message: "Global Action Exception Handler") [dmvcframework]
2023-08-16 16:21:01:760  [TID 72      ][INFO      ] Default Logger initialized [dmvcframework]
2023-08-16 16:21:01:760  [TID 72      ][INFO      ] ENTER: Config default values [dmvcframework]
2023-08-16 16:21:01:760  [TID 72      ][INFO      ] EXIT: Config default values [dmvcframework]
2023-08-16 16:21:01:760  [TID 72      ][INFO      ] >> Custom configuration method [dmvcframework]
2023-08-16 16:21:01:760  [TID 72      ][INFO      ] << Custom configuration method [dmvcframework]
2023-08-16 16:21:01:854  [TID 72      ][ERROR     ] [EMVCException] Invalid Request [PathInfo "POST /api/books"] (Custom message: "") [dmvcframework]
2023-08-16 16:25:35:964  [TID 1180    ][INFO      ] Default Logger initialized [dmvcframework]
2023-08-16 16:25:35:984  [TID 1180    ][INFO      ] ENTER: Config default values [dmvcframework]
2023-08-16 16:25:35:984  [TID 1180    ][INFO      ] EXIT: Config default values [dmvcframework]
2023-08-16 16:25:35:984  [TID 1180    ][INFO      ] >> Custom configuration method [dmvcframework]
2023-08-16 16:25:35:984  [TID 1180    ][INFO      ] << Custom configuration method [dmvcframework]
2023-08-16 16:25:36:076  [TID 1180    ][ERROR     ] [EMVCException] Invalid Request [PathInfo "POST /api/books"] (Custom message: "") [dmvcframework]
2023-08-16 16:26:53:277  [TID 5868    ][INFO      ] Default Logger initialized [dmvcframework]
2023-08-16 16:26:53:295  [TID 5868    ][INFO      ] ENTER: Config default values [dmvcframework]
2023-08-16 16:26:53:295  [TID 5868    ][INFO      ] EXIT: Config default values [dmvcframework]
2023-08-16 16:26:53:295  [TID 5868    ][INFO      ] >> Custom configuration method [dmvcframework]
2023-08-16 16:26:53:295  [TID 5868    ][INFO      ] << Custom configuration method [dmvcframework]
2023-08-16 16:26:53:456  [TID 5868    ][INFO      ] GET:/api/books [0:0:0:0:0:0:0:1] -> BookController.TBookController.GetBooks - 200 OK [dmvcframework]
2023-08-16 16:27:02:275  [TID 5868    ][ERROR     ] [EMVCActiveRecordNotFound] TBookActiveRecordDAO: Book with ID 117 not found [PathInfo "GET /api/books/117"] (Custom message: "") [dmvcframework]
2023-08-16 16:27:07:448  [TID 4296    ][INFO      ] GET:/api/books/113 [0:0:0:0:0:0:0:1] -> BookController.TBookController.GetBookById - 200 OK [dmvcframework]
2023-08-16 16:27:18:767  [TID 4296    ][ERROR     ] [EMVCActiveRecordNotFound] No record updated for key [Entity: TBookActiveRecord][PK: ID] [PathInfo "PUT /api/books/118"] (Custom message: "") [dmvcframework]
2023-08-16 16:27:22:985  [TID 2952    ][INFO      ] PUT:/api/books/115 [0:0:0:0:0:0:0:1] -> BookController.TBookController.UpdateBook - 200 OK [dmvcframework]
2023-08-16 16:27:29:063  [TID 2952    ][INFO      ] GET:/api/books/115 [0:0:0:0:0:0:0:1] -> BookController.TBookController.GetBookById - 200 OK [dmvcframework]
2023-08-16 16:27:36:098  [TID 2952    ][ERROR     ] [EMVCActiveRecordNotFound] TBookActiveRecordDAO: Book with ID 1100 not found [PathInfo "GET /api/books/1100"] (Custom message: "") [dmvcframework]
2023-08-16 16:27:45:961  [TID 15068   ][INFO      ] GET:/api/books [0:0:0:0:0:0:0:1] -> BookController.TBookController.GetBooks - 200 OK [dmvcframework]
2023-08-16 16:27:53:290  [TID 15068   ][ERROR     ] [EMVCActiveRecordNotFound] No record deleted for key [Entity: TBookActiveRecord][PK: ID] [PathInfo "DELETE /api/books/117"] (Custom message: "") [dmvcframework]
2023-08-16 16:27:57:879  [TID 2324    ][INFO      ] DELETE:/api/books/115 [0:0:0:0:0:0:0:1] -> BookController.TBookController.DeleteBook - 204 No Content [dmvcframework]
2023-08-16 16:28:02:895  [TID 2324    ][INFO      ] DELETE:/api/books/114 [0:0:0:0:0:0:0:1] -> BookController.TBookController.DeleteBook - 204 No Content [dmvcframework]
2023-08-16 16:28:06:235  [TID 2324    ][INFO      ] GET:/api/books [0:0:0:0:0:0:0:1] -> BookController.TBookController.GetBooks - 200 OK [dmvcframework]
2023-08-16 16:28:17:401  [TID 2324    ][INFO      ] DELETE:/api/books/113 [0:0:0:0:0:0:0:1] -> BookController.TBookController.DeleteBook - 204 No Content [dmvcframework]
2023-08-16 16:28:20:313  [TID 2324    ][INFO      ] GET:/api/books [0:0:0:0:0:0:0:1] -> BookController.TBookController.GetBooks - 200 OK [dmvcframework]
2023-08-16 16:34:57:190  [TID 11624   ][INFO      ] Default Logger initialized [dmvcframework]
2023-08-16 16:34:57:209  [TID 11624   ][INFO      ] ENTER: Config default values [dmvcframework]
2023-08-16 16:34:57:210  [TID 11624   ][INFO      ] EXIT: Config default values [dmvcframework]
2023-08-16 16:34:57:220  [TID 11624   ][INFO      ] >> Custom configuration method [dmvcframework]
2023-08-16 16:34:57:220  [TID 11624   ][INFO      ] << Custom configuration method [dmvcframework]
2023-08-16 16:34:57:387  [TID 11624   ][INFO      ] GET:/api/books [0:0:0:0:0:0:0:1] -> BookController.TBookController.GetBooks - 200 OK [dmvcframework]
2023-08-16 16:35:00:716  [TID 11624   ][ERROR     ] [EMVCActiveRecordNotFound] TBookActiveRecordDAO: Book with ID 1100 not found [PathInfo "GET /api/books/1100"] (Custom message: "") [dmvcframework]
2023-08-16 16:35:03:339  [TID 10852   ][ERROR     ] [EMVCJWTException] Authorization Required [PathInfo "DELETE /api/books/113"] (Custom message: "") [dmvcframework]
2023-08-16 16:35:07:849  [TID 10852   ][ERROR     ] [EMVCJWTException] Forbidden [PathInfo "GET /api/login"] (Custom message: "") [dmvcframework]
2023-08-16 16:35:15:399  [TID 10852   ][ERROR     ] [EMVCJWTException] Forbidden [PathInfo "GET /api/login"] (Custom message: "") [dmvcframework]
2023-08-16 16:35:52:444  [TID 12512   ][INFO      ] Default Logger initialized [dmvcframework]
2023-08-16 16:35:52:485  [TID 12512   ][INFO      ] ENTER: Config default values [dmvcframework]
2023-08-16 16:35:52:485  [TID 12512   ][INFO      ] EXIT: Config default values [dmvcframework]
2023-08-16 16:35:52:485  [TID 12512   ][INFO      ] >> Custom configuration method [dmvcframework]
2023-08-16 16:35:52:485  [TID 12512   ][INFO      ] << Custom configuration method [dmvcframework]
2023-08-16 16:36:19:446  [TID 12512   ][ERROR     ] [EMVCActiveRecordNotFound] No record deleted for key [Entity: TBookActiveRecord][PK: ID] [PathInfo "DELETE /api/books/113"] (Custom message: "") [dmvcframework]
2023-08-16 16:36:28:864  [TID 13424   ][INFO      ] DELETE:/api/books/111 [0:0:0:0:0:0:0:1] -> BookController.TBookController.DeleteBook - 204 No Content [dmvcframework]
2023-08-16 16:36:32:574  [TID 13424   ][INFO      ] GET:/api/books [0:0:0:0:0:0:0:1] -> BookController.TBookController.GetBooks - 200 OK [dmvcframework]
2023-08-16 16:36:40:569  [TID 13424   ][ERROR     ] [EMVCActiveRecordNotFound] No record deleted for key [Entity: TBookActiveRecord][PK: ID] [PathInfo "DELETE /api/books/111"] (Custom message: "") [dmvcframework]
2023-08-16 16:36:45:570  [TID 6120    ][ERROR     ] [EMVCJWTException] Authorization Required [PathInfo "PUT /api/books/115"] (Custom message: "") [dmvcframework]
2023-08-16 16:36:50:841  [TID 6120    ][ERROR     ] [EMVCJWTException] Authorization Required [PathInfo "POST /api/books"] (Custom message: "") [dmvcframework]
2023-08-17 05:02:26:330  [TID 5876    ][INFO      ] Default Logger initialized [dmvcframework]
2023-08-17 05:02:26:330  [TID 5876    ][INFO      ] ENTER: Config default values [dmvcframework]
2023-08-17 05:02:26:330  [TID 5876    ][INFO      ] EXIT: Config default values [dmvcframework]
2023-08-17 05:02:26:330  [TID 5876    ][INFO      ] >> Custom configuration method [dmvcframework]
2023-08-17 05:02:26:330  [TID 5876    ][INFO      ] << Custom configuration method [dmvcframework]
2023-08-17 05:02:26:488  [TID 5876    ][ERROR     ] [EFDException] [FireDAC][Phys][MySQL]-314. Cannot load vendor library [C:\Users\User\Documents\GitHub\internet_bookstore\Server\Win32\Debug\libmysql.dll]. The specified module could not be found
Hint: check it is in the PATH or application EXE directories, and has x86 bitness. [PathInfo "GET /api/books"] (Custom message: "Global Action Exception Handler") [dmvcframework]
2023-08-17 05:03:16:742  [TID 10100   ][INFO      ] Default Logger initialized [dmvcframework]
2023-08-17 05:03:16:759  [TID 10100   ][INFO      ] ENTER: Config default values [dmvcframework]
2023-08-17 05:03:16:759  [TID 10100   ][INFO      ] EXIT: Config default values [dmvcframework]
2023-08-17 05:03:16:759  [TID 10100   ][INFO      ] >> Custom configuration method [dmvcframework]
2023-08-17 05:03:16:759  [TID 10100   ][INFO      ] << Custom configuration method [dmvcframework]
2023-08-17 05:03:17:192  [TID 10100   ][ERROR     ] [EMySQLNativeException] [FireDAC][Phys][MySQL] Access denied for user 'root'@'localhost' (using password: YES) [PathInfo "GET /api/books"] (Custom message: "Global Action Exception Handler") [dmvcframework]
2023-08-17 05:04:44:202  [TID 4492    ][INFO      ] Default Logger initialized [dmvcframework]
2023-08-17 05:04:44:217  [TID 4492    ][INFO      ] ENTER: Config default values [dmvcframework]
2023-08-17 05:04:44:217  [TID 4492    ][INFO      ] EXIT: Config default values [dmvcframework]
2023-08-17 05:04:44:217  [TID 4492    ][INFO      ] >> Custom configuration method [dmvcframework]
2023-08-17 05:04:44:217  [TID 4492    ][INFO      ] << Custom configuration method [dmvcframework]
2023-08-17 05:04:44:395  [TID 4492    ][INFO      ] GET:/api/books [0:0:0:0:0:0:0:1] -> BookController.TBookController.GetBooks - 200 OK [dmvcframework]
2023-08-17 09:26:54:584  [TID 9248    ][INFO      ] Default Logger initialized [dmvcframework]
2023-08-17 09:26:54:602  [TID 9248    ][INFO      ] ENTER: Config default values [dmvcframework]
2023-08-17 09:26:54:602  [TID 9248    ][INFO      ] EXIT: Config default values [dmvcframework]
2023-08-17 09:26:54:602  [TID 9248    ][INFO      ] >> Custom configuration method [dmvcframework]
2023-08-17 09:26:54:602  [TID 9248    ][INFO      ] << Custom configuration method [dmvcframework]
2023-08-17 09:26:54:822  [TID 9248    ][INFO      ] GET:/api/customers [0:0:0:0:0:0:0:1] -> CustomerController.TCustomerController.GetCustomers - 200 OK [dmvcframework]
2023-08-17 09:28:09:354  [TID 9180    ][INFO      ] Default Logger initialized [dmvcframework]
2023-08-17 09:28:09:371  [TID 9180    ][INFO      ] ENTER: Config default values [dmvcframework]
2023-08-17 09:28:09:371  [TID 9180    ][INFO      ] EXIT: Config default values [dmvcframework]
2023-08-17 09:28:09:371  [TID 9180    ][INFO      ] >> Custom configuration method [dmvcframework]
2023-08-17 09:28:09:371  [TID 9180    ][INFO      ] << Custom configuration method [dmvcframework]
2023-08-17 09:30:42:402  [TID 500     ][INFO      ] Default Logger initialized [dmvcframework]
2023-08-17 09:30:42:402  [TID 500     ][INFO      ] ENTER: Config default values [dmvcframework]
2023-08-17 09:30:42:402  [TID 500     ][INFO      ] EXIT: Config default values [dmvcframework]
2023-08-17 09:30:42:402  [TID 500     ][INFO      ] >> Custom configuration method [dmvcframework]
2023-08-17 09:30:42:402  [TID 500     ][INFO      ] << Custom configuration method [dmvcframework]
2023-08-17 09:30:58:428  [TID 500     ][INFO      ] GET:/api/customers [0:0:0:0:0:0:0:1] -> CustomerController.TCustomerController.GetCustomers - 200 OK [dmvcframework]
2023-08-17 09:31:39:254  [TID 8204    ][INFO      ] Default Logger initialized [dmvcframework]
2023-08-17 09:31:39:271  [TID 8204    ][INFO      ] ENTER: Config default values [dmvcframework]
2023-08-17 09:31:39:271  [TID 8204    ][INFO      ] EXIT: Config default values [dmvcframework]
2023-08-17 09:31:39:271  [TID 8204    ][INFO      ] >> Custom configuration method [dmvcframework]
2023-08-17 09:31:39:271  [TID 8204    ][INFO      ] << Custom configuration method [dmvcframework]
2023-08-17 09:31:39:405  [TID 8204    ][INFO      ] GET:/api/customers [0:0:0:0:0:0:0:1] -> CustomerController.TCustomerController.GetCustomers - 200 OK [dmvcframework]
2023-08-17 09:39:06:233  [TID 13528   ][INFO      ] Default Logger initialized [dmvcframework]
2023-08-17 09:39:06:233  [TID 13528   ][INFO      ] ENTER: Config default values [dmvcframework]
2023-08-17 09:39:06:233  [TID 13528   ][INFO      ] EXIT: Config default values [dmvcframework]
2023-08-17 09:39:06:233  [TID 13528   ][INFO      ] >> Custom configuration method [dmvcframework]
2023-08-17 09:39:06:233  [TID 13528   ][INFO      ] << Custom configuration method [dmvcframework]
2023-08-17 09:39:46:781  [TID 9812    ][INFO      ] Default Logger initialized [dmvcframework]
2023-08-17 09:39:46:800  [TID 9812    ][INFO      ] ENTER: Config default values [dmvcframework]
2023-08-17 09:39:46:800  [TID 9812    ][INFO      ] EXIT: Config default values [dmvcframework]
2023-08-17 09:39:46:800  [TID 9812    ][INFO      ] >> Custom configuration method [dmvcframework]
2023-08-17 09:39:46:800  [TID 9812    ][INFO      ] << Custom configuration method [dmvcframework]
2023-08-17 09:40:20:729  [TID 12016   ][INFO      ] Default Logger initialized [dmvcframework]
2023-08-17 09:40:20:742  [TID 12016   ][INFO      ] ENTER: Config default values [dmvcframework]
2023-08-17 09:40:20:743  [TID 12016   ][INFO      ] EXIT: Config default values [dmvcframework]
2023-08-17 09:40:20:761  [TID 12016   ][INFO      ] >> Custom configuration method [dmvcframework]
2023-08-17 09:40:20:761  [TID 12016   ][INFO      ] << Custom configuration method [dmvcframework]
2023-08-17 09:40:52:532  [TID 1596    ][INFO      ] Default Logger initialized [dmvcframework]
2023-08-17 09:40:52:532  [TID 1596    ][INFO      ] ENTER: Config default values [dmvcframework]
2023-08-17 09:40:52:532  [TID 1596    ][INFO      ] EXIT: Config default values [dmvcframework]
2023-08-17 09:40:52:532  [TID 1596    ][INFO      ] >> Custom configuration method [dmvcframework]
2023-08-17 09:40:52:532  [TID 1596    ][INFO      ] << Custom configuration method [dmvcframework]
2023-08-17 09:41:20:565  [TID 10328   ][INFO      ] Default Logger initialized [dmvcframework]
2023-08-17 09:41:20:581  [TID 10328   ][INFO      ] ENTER: Config default values [dmvcframework]
2023-08-17 09:41:20:581  [TID 10328   ][INFO      ] EXIT: Config default values [dmvcframework]
2023-08-17 09:41:20:581  [TID 10328   ][INFO      ] >> Custom configuration method [dmvcframework]
2023-08-17 09:41:20:581  [TID 10328   ][INFO      ] << Custom configuration method [dmvcframework]
2023-08-17 09:41:20:736  [TID 10328   ][INFO      ] GET:/api/customers [0:0:0:0:0:0:0:1] -> CustomerController.TCustomerController.GetCustomers - 200 OK [dmvcframework]
2023-08-17 09:41:35:796  [TID 10468   ][INFO      ] Default Logger initialized [dmvcframework]
2023-08-17 09:41:35:796  [TID 10468   ][INFO      ] ENTER: Config default values [dmvcframework]
2023-08-17 09:41:35:796  [TID 10468   ][INFO      ] EXIT: Config default values [dmvcframework]
2023-08-17 09:41:35:796  [TID 10468   ][INFO      ] >> Custom configuration method [dmvcframework]
2023-08-17 09:41:35:796  [TID 10468   ][INFO      ] << Custom configuration method [dmvcframework]
2023-08-17 09:41:35:917  [TID 10468   ][INFO      ] GET:/api/customers/1 [0:0:0:0:0:0:0:1] -> CustomerController.TCustomerController.GetCustomerById - 200 OK [dmvcframework]
2023-08-17 09:41:39:160  [TID 10468   ][ERROR     ] [EMVCActiveRecordNotFound] TCustomerActiveRecordDAO: Customer with ID 16 not found [PathInfo "GET /api/customers/16"] (Custom message: "") [dmvcframework]
2023-08-17 09:41:52:348  [TID 5700    ][ERROR     ] [EMVCJWTException] Authorization Required [PathInfo "POST /api/customers"] (Custom message: "") [dmvcframework]
2023-08-17 09:42:35:360  [TID 5700    ][ERROR     ] [EMVCException] Invalid Request [PathInfo "POST /api/customers"] (Custom message: "") [dmvcframework]
2023-08-17 09:42:47:650  [TID 5700    ][ERROR     ] [EMVCException] Invalid Request [PathInfo "POST /api/customers"] (Custom message: "") [dmvcframework]
2023-08-17 09:43:03:582  [TID 5700    ][ERROR     ] [EMVCException] Invalid Request [PathInfo "POST /api/customers"] (Custom message: "") [dmvcframework]
2023-08-17 09:43:06:304  [TID 5700    ][INFO      ] POST:/api/customers [0:0:0:0:0:0:0:1] -> CustomerController.TCustomerController.CreateCustomer - 201 Created [dmvcframework]
2023-08-17 09:43:19:597  [TID 5700    ][INFO      ] GET:/api/customers [0:0:0:0:0:0:0:1] -> CustomerController.TCustomerController.GetCustomers - 200 OK [dmvcframework]
2023-08-17 09:44:25:422  [TID 5700    ][INFO      ] PUT:/api/customers/11 [0:0:0:0:0:0:0:1] -> CustomerController.TCustomerController.UpdateCustomer - 200 OK [dmvcframework]
2023-08-17 09:44:31:876  [TID 5700    ][INFO      ] PUT:/api/customers/11 [0:0:0:0:0:0:0:1] -> CustomerController.TCustomerController.UpdateCustomer - 200 OK [dmvcframework]
2023-08-17 09:44:50:620  [TID 5700    ][ERROR     ] [EMVCActiveRecordNotFound] No record updated for key [Entity: TBookActiveRecord][PK: ID] [PathInfo "PUT /api/books/112"] (Custom message: "") [dmvcframework]
2023-08-17 09:49:29:465  [TID 14180   ][INFO      ] GET:/api/customers [0:0:0:0:0:0:0:1] -> CustomerController.TCustomerController.GetCustomers - 200 OK [dmvcframework]
2023-08-17 09:50:02:981  [TID 14180   ][INFO      ] PUT:/api/customers/11 [0:0:0:0:0:0:0:1] -> CustomerController.TCustomerController.UpdateCustomer - 200 OK [dmvcframework]
2023-08-17 09:55:03:271  [TID 14412   ][INFO      ] Default Logger initialized [dmvcframework]
2023-08-17 09:55:03:289  [TID 14412   ][INFO      ] ENTER: Config default values [dmvcframework]
2023-08-17 09:55:03:289  [TID 14412   ][INFO      ] EXIT: Config default values [dmvcframework]
2023-08-17 09:55:03:308  [TID 14412   ][INFO      ] >> Custom configuration method [dmvcframework]
2023-08-17 09:55:03:308  [TID 14412   ][INFO      ] << Custom configuration method [dmvcframework]
2023-08-17 09:55:03:526  [TID 14412   ][ERROR     ] [EMVCActiveRecordNotFound] No record deleted for key [Entity: TCustomerActiveRecord][PK: ID] [PathInfo "DELETE /api/customers/100"] (Custom message: "") [dmvcframework]
2023-08-17 09:55:09:930  [TID 13260   ][INFO      ] DELETE:/api/customers/11 [0:0:0:0:0:0:0:1] -> CustomerController.TCustomerController.DeleteCustomer - 204 No Content [dmvcframework]
2023-08-17 09:55:13:931  [TID 13260   ][ERROR     ] [EMVCActiveRecordNotFound] No record deleted for key [Entity: TCustomerActiveRecord][PK: ID] [PathInfo "DELETE /api/customers/11"] (Custom message: "") [dmvcframework]
2023-08-17 09:55:21:074  [TID 3008    ][INFO      ] GET:/api/customers/10 [0:0:0:0:0:0:0:1] -> CustomerController.TCustomerController.GetCustomerById - 200 OK [dmvcframework]
2023-08-17 11:49:21:204  [TID 2124    ][INFO      ] Default Logger initialized [dmvcframework]
2023-08-17 11:49:21:222  [TID 2124    ][INFO      ] ENTER: Config default values [dmvcframework]
2023-08-17 11:49:21:222  [TID 2124    ][INFO      ] EXIT: Config default values [dmvcframework]
2023-08-17 11:49:21:222  [TID 2124    ][INFO      ] >> Custom configuration method [dmvcframework]
2023-08-17 11:49:21:222  [TID 2124    ][INFO      ] << Custom configuration method [dmvcframework]
2023-08-17 11:49:21:448  [TID 2124    ][INFO      ] GET:/api/reviews/101 [0:0:0:0:0:0:0:1] -> CustomerReviewController.TCustomerReviewController.GetCustomerReviewsByBookId - 200 OK [dmvcframework]
2023-08-17 11:49:41:099  [TID 2124    ][ERROR     ] [EMVCJWTException] Authorization Required [PathInfo "POST /api/reviews"] (Custom message: "") [dmvcframework]
2023-08-17 11:51:08:841  [TID 2124    ][INFO      ] POST:/api/reviews [0:0:0:0:0:0:0:1] -> CustomerReviewController.TCustomerReviewController.CreateCustomerReview - 201 Created [dmvcframework]
2023-08-17 11:51:17:228  [TID 2124    ][INFO      ] GET:/api/reviews/101 [0:0:0:0:0:0:0:1] -> CustomerReviewController.TCustomerReviewController.GetCustomerReviewsByBookId - 200 OK [dmvcframework]
2023-08-17 11:51:28:551  [TID 2124    ][ERROR     ] [EMVCJWTException] Authorization Required [PathInfo "PUT /api/reviews/8"] (Custom message: "") [dmvcframework]
2023-08-17 11:51:33:062  [TID 2124    ][INFO      ] PUT:/api/reviews/8 [0:0:0:0:0:0:0:1] -> CustomerReviewController.TCustomerReviewController.UpdateCustomerReview - 200 OK [dmvcframework]
2023-08-17 11:51:39:895  [TID 2124    ][INFO      ] GET:/api/reviews/101 [0:0:0:0:0:0:0:1] -> CustomerReviewController.TCustomerReviewController.GetCustomerReviewsByBookId - 200 OK [dmvcframework]
2023-08-17 11:51:48:784  [TID 2124    ][ERROR     ] [EMVCJWTException] Authorization Required [PathInfo "DELETE /api/reviews/8"] (Custom message: "") [dmvcframework]
2023-08-17 11:51:54:717  [TID 2124    ][INFO      ] DELETE:/api/reviews/8 [0:0:0:0:0:0:0:1] -> CustomerReviewController.TCustomerReviewController.DeleteCustomerReview - 204 No Content [dmvcframework]
2023-08-17 11:52:04:094  [TID 2124    ][INFO      ] GET:/api/reviews/101 [0:0:0:0:0:0:0:1] -> CustomerReviewController.TCustomerReviewController.GetCustomerReviewsByBookId - 200 OK [dmvcframework]
2023-08-17 11:55:09:128  [TID 8628    ][INFO      ] Default Logger initialized [dmvcframework]
2023-08-17 11:55:09:149  [TID 8628    ][INFO      ] ENTER: Config default values [dmvcframework]
2023-08-17 11:55:09:149  [TID 8628    ][INFO      ] EXIT: Config default values [dmvcframework]
2023-08-17 11:55:09:149  [TID 8628    ][INFO      ] >> Custom configuration method [dmvcframework]
2023-08-17 11:55:09:149  [TID 8628    ][INFO      ] << Custom configuration method [dmvcframework]
2023-08-17 11:55:09:241  [TID 8628    ][ERROR     ] [EMVCException] Invalid Request [PathInfo "POST /api/reviews"] (Custom message: "") [dmvcframework]
2023-08-17 12:00:52:883  [TID 13580   ][INFO      ] Default Logger initialized [dmvcframework]
2023-08-17 12:00:52:902  [TID 13580   ][INFO      ] ENTER: Config default values [dmvcframework]
2023-08-17 12:00:52:902  [TID 13580   ][INFO      ] EXIT: Config default values [dmvcframework]
2023-08-17 12:00:52:902  [TID 13580   ][INFO      ] >> Custom configuration method [dmvcframework]
2023-08-17 12:00:52:902  [TID 13580   ][INFO      ] << Custom configuration method [dmvcframework]
2023-08-17 12:00:53:149  [TID 13580   ][ERROR     ] [EMySQLNativeException] [FireDAC][Phys][MySQL] You have an error in your SQL syntax; check the manual that corresponds to your MySQL server version for the right syntax to use near '=101' at line 1 [PathInfo "GET /api/reviews/101"] (Custom message: "Global Action Exception Handler") [dmvcframework]
2023-08-17 13:17:13:583  [TID 10572   ][INFO      ] Default Logger initialized [dmvcframework]
2023-08-17 13:17:13:583  [TID 10572   ][INFO      ] ENTER: Config default values [dmvcframework]
2023-08-17 13:17:13:583  [TID 10572   ][INFO      ] EXIT: Config default values [dmvcframework]
2023-08-17 13:17:13:583  [TID 10572   ][INFO      ] >> Custom configuration method [dmvcframework]
2023-08-17 13:17:13:583  [TID 10572   ][INFO      ] << Custom configuration method [dmvcframework]
2023-08-17 13:17:13:675  [TID 10572   ][ERROR     ] [EMVCJWTException] Token expired [PathInfo "POST /api/reviews"] (Custom message: "") [dmvcframework]
2023-08-17 13:17:32:631  [TID 10572   ][ERROR     ] [EMVCException] Please check the review, and rating [PathInfo "POST /api/reviews"] (Custom message: "") [dmvcframework]
2023-08-17 13:19:22:666  [TID 9504    ][INFO      ] Default Logger initialized [dmvcframework]
2023-08-17 13:19:22:666  [TID 9504    ][INFO      ] ENTER: Config default values [dmvcframework]
2023-08-17 13:19:22:666  [TID 9504    ][INFO      ] EXIT: Config default values [dmvcframework]
2023-08-17 13:19:22:666  [TID 9504    ][INFO      ] >> Custom configuration method [dmvcframework]
2023-08-17 13:19:22:666  [TID 9504    ][INFO      ] << Custom configuration method [dmvcframework]
2023-08-17 13:20:00:056  [TID 9504    ][ERROR     ] [EMVCException] Please check the review, and rating [PathInfo "POST /api/rev2023-08-17 13:20:26:575  [TID 1700    ][INFO      ] Default Logger initialized [dmvcframework]
2023-08-17 13:20:26:575  [TID 1700    ][INFO      ] ENTER: Config default values [dmvcframework]
2023-08-17 13:20:26:591  [TID 1700    ][INFO      ] EXIT: Config default values [dmvcframework]
2023-08-17 13:20:26:592  [TID 1700    ][INFO      ] >> Custom configuration method [dmvcframework]
2023-08-17 13:20:26:592  [TID 1700    ][INFO      ] << Custom configuration method [dmvcframework]
2023-08-17 13:22:31:635  [TID 2740    ][INFO      ] Default Logger initialized [dmvcframework]
2023-08-17 13:22:31:635  [TID 2740    ][INFO      ] ENTER: Config default values [dmvcframework]
2023-08-17 13:22:31:635  [TID 2740    ][INFO      ] EXIT: Config default values [dmvcframework]
2023-08-17 13:22:31:635  [TID 2740    ][INFO      ] >> Custom configuration method [dmvcframework]
2023-08-17 13:22:31:635  [TID 2740    ][INFO      ] << Custom configuration method [dmvcframework]
2023-08-17 13:24:42:818  [TID 9444    ][INFO      ] Default Logger initialized [dmvcframework]
2023-08-17 13:24:42:818  [TID 9444    ][INFO      ] ENTER: Config default values [dmvcframework]
2023-08-17 13:24:42:820  [TID 9444    ][INFO      ] EXIT: Config default values [dmvcframework]
2023-08-17 13:24:42:840  [TID 9444    ][INFO      ] >> Custom configuration method [dmvcframework]
2023-08-17 13:24:42:840  [TID 9444    ][INFO      ] << Custom configuration method [dmvcframework]
2023-08-17 13:56:50:300  [TID 13000   ][INFO      ] Default Logger initialized [dmvcframework]
2023-08-17 13:56:50:302  [TID 13000   ][INFO      ] ENTER: Config default values [dmvcframework]
2023-08-17 13:56:50:331  [TID 13000   ][INFO      ] EXIT: Config default values [dmvcframework]
2023-08-17 13:56:50:331  [TID 13000   ][INFO      ] >> Custom configuration method [dmvcframework]
2023-08-17 13:56:50:331  [TID 13000   ][INFO      ] << Custom configuration method [dmvcframework]
2023-08-17 13:56:50:442  [TID 13000   ][ERROR     ] [EMVCActiveRecord] No current connection for thread [PathInfo "GET /api/login"] (Custom message: "") [dmvcframework]
2023-08-17 14:00:23:855  [TID 10924   ][INFO      ] Default Logger initialized [dmvcframework]
2023-08-17 14:00:23:856  [TID 10924   ][INFO      ] ENTER: Config default values [dmvcframework]
2023-08-17 14:00:23:882  [TID 10924   ][INFO      ] EXIT: Config default values [dmvcframework]
2023-08-17 14:00:23:882  [TID 10924   ][INFO      ] >> Custom configuration method [dmvcframework]
2023-08-17 14:00:23:882  [TID 10924   ][INFO      ] << Custom configuration method [dmvcframework]
2023-08-17 14:02:40:923  [TID 1700    ][INFO      ] Default Logger initialized [dmvcframework]
2023-08-17 14:02:40:966  [TID 1700    ][INFO      ] ENTER: Config default values [dmvcframework]
2023-08-17 14:02:40:966  [TID 1700    ][INFO      ] EXIT: Config default values [dmvcframework]
2023-08-17 14:02:40:966  [TID 1700    ][INFO      ] >> Custom configuration method [dmvcframework]
2023-08-17 14:02:40:966  [TID 1700    ][INFO      ] << Custom configuration method [dmvcframework]
2023-08-17 14:02:41:150  [TID 1700    ][ERROR     ] [EArgumentNilException] ACustomer [PathInfo "GET /api/login"] (Custom message: "Global Action Exception Handler") [dmvcframework]
2023-08-17 14:03:15:066  [TID 8804    ][INFO      ] Default Logger initialized [dmvcframework]
2023-08-17 14:03:15:104  [TID 8804    ][INFO      ] ENTER: Config default values [dmvcframework]
2023-08-17 14:03:15:104  [TID 8804    ][INFO      ] EXIT: Config default values [dmvcframework]
2023-08-17 14:03:15:104  [TID 8804    ][INFO      ] >> Custom configuration method [dmvcframework]
2023-08-17 14:03:15:104  [TID 8804    ][INFO      ] << Custom configuration method [dmvcframework]
2023-08-17 14:03:39:896  [TID 11524   ][INFO      ] Default Logger initialized [dmvcframework]
2023-08-17 14:03:39:896  [TID 11524   ][INFO      ] ENTER: Config default values [dmvcframework]
2023-08-17 14:03:39:896  [TID 11524   ][INFO      ] EXIT: Config default values [dmvcframework]
2023-08-17 14:03:39:896  [TID 11524   ][INFO      ] >> Custom configuration method [dmvcframework]
2023-08-17 14:03:39:896  [TID 11524   ][INFO      ] << Custom configuration method [dmvcframework]
2023-08-17 14:03:51:483  [TID 11524   ][ERROR     ] [EArgumentNilException] ACustomer [PathInfo "GET /api/login"] (Custom message: "Global Action Exception Handler") [dmvcframework]
2023-08-17 14:04:25:016  [TID 8348    ][INFO      ] Default Logger initialized [dmvcframework]
2023-08-17 14:04:25:016  [TID 8348    ][INFO      ] ENTER: Config default values [dmvcframework]
2023-08-17 14:04:25:037  [TID 8348    ][INFO      ] EXIT: Config default values [dmvcframework]
2023-08-17 14:04:25:037  [TID 8348    ][INFO      ] >> Custom configuration method [dmvcframework]
2023-08-17 14:04:25:037  [TID 8348    ][INFO      ] << Custom configuration method [dmvcframework]
2023-08-17 14:04:35:792  [TID 8348    ][ERROR     ] [EArgumentNilException] ACustomer [PathInfo "GET /api/login"] (Custom message: "Global Action Exception Handler") [dmvcframework]
2023-08-17 14:05:58:396  [TID 4308    ][INFO      ] Default Logger initialized [dmvcframework]
2023-08-17 14:05:58:418  [TID 4308    ][INFO      ] ENTER: Config default values [dmvcframework]
2023-08-17 14:05:58:418  [TID 4308    ][INFO      ] EXIT: Config default values [dmvcframework]
2023-08-17 14:05:58:418  [TID 4308    ][INFO      ] >> Custom configuration method [dmvcframework]
2023-08-17 14:05:58:418  [TID 4308    ][INFO      ] << Custom configuration method [dmvcframework]
2023-08-17 14:06:11:853  [TID 3888    ][INFO      ] Default Logger initialized [dmvcframework]
2023-08-17 14:06:11:872  [TID 3888    ][INFO      ] ENTER: Config default values [dmvcframework]
2023-08-17 14:06:11:872  [TID 3888    ][INFO      ] EXIT: Config default values [dmvcframework]
2023-08-17 14:06:11:872  [TID 3888    ][INFO      ] >> Custom configuration method [dmvcframework]
2023-08-17 14:06:11:872  [TID 3888    ][INFO      ] << Custom configuration method [dmvcframework]
2023-08-17 14:07:14:517  [TID 8200    ][INFO      ] Default Logger initialized [dmvcframework]
2023-08-17 14:07:14:518  [TID 8200    ][INFO      ] ENTER: Config default values [dmvcframework]
2023-08-17 14:07:14:540  [TID 8200    ][INFO      ] EXIT: Config default values [dmvcframework]
2023-08-17 14:07:14:540  [TID 8200    ][INFO      ] >> Custom configuration method [dmvcframework]
2023-08-17 14:07:14:540  [TID 8200    ][INFO      ] << Custom configuration method [dmvcframework]
2023-08-17 14:07:14:797  [TID 8200    ][ERROR     ] [EMySQLNativeException] [FireDAC][Phys][MySQL] You have an error in your SQL syntax; check the manual that corresponds to your MySQL server version for the right syntax to use near '= 101' at line 1 [PathInfo "GET /api/reviews/101"] (Custom message: "Global Action Exception Handler") [dmvcframework]
2023-08-17 14:08:12:778  [TID 2440    ][INFO      ] Default Logger initialized [dmvcframework]
2023-08-17 14:08:12:802  [TID 2440    ][INFO      ] ENTER: Config default values [dmvcframework]
2023-08-17 14:08:12:802  [TID 2440    ][INFO      ] EXIT: Config default values [dmvcframework]
2023-08-17 14:08:12:802  [TID 2440    ][INFO      ] >> Custom configuration method [dmvcframework]
2023-08-17 14:08:12:802  [TID 2440    ][INFO      ] << Custom configuration method [dmvcframework]
2023-08-17 14:08:13:105  [TID 2440    ][ERROR     ] [EMySQLNativeException] [FireDAC][Phys][MySQL] You have an error in your SQL syntax; check the manual that corresponds to your MySQL server version for the right syntax to use near '= 101' at line 1 [PathInfo "GET /api/reviews/101"] (Custom message: "Global Action Exception Handler") [dmvcframework]
2023-08-17 14:08:39:317  [TID 13508   ][INFO      ] Default Logger initialized [dmvcframework]
2023-08-17 14:08:39:346  [TID 13508   ][INFO      ] ENTER: Config default values [dmvcframework]
2023-08-17 14:08:39:346  [TID 13508   ][INFO      ] EXIT: Config default values [dmvcframework]
2023-08-17 14:08:39:367  [TID 13508   ][INFO      ] >> Custom configuration method [dmvcframework]
2023-08-17 14:08:39:387  [TID 13508   ][INFO      ] << Custom configuration method [dmvcframework]
2023-08-17 14:10:00:797  [TID 12532   ][INFO      ] Default Logger initialized [dmvcframework]
2023-08-17 14:10:00:831  [TID 12532   ][INFO      ] ENTER: Config default values [dmvcframework]
2023-08-17 14:10:00:831  [TID 12532   ][INFO      ] EXIT: Config default values [dmvcframework]
2023-08-17 14:10:00:831  [TID 12532   ][INFO      ] >> Custom configuration method [dmvcframework]
2023-08-17 14:10:00:831  [TID 12532   ][INFO      ] << Custom configuration method [dmvcframework]
2023-08-17 14:12:59:025  [TID 6488    ][INFO      ] Default Logger initialized [dmvcframework]
2023-08-17 14:12:59:025  [TID 6488    ][INFO      ] ENTER: Config default values [dmvcframework]
2023-08-17 14:12:59:025  [TID 6488    ][INFO      ] EXIT: Config default values [dmvcframework]
2023-08-17 14:12:59:025  [TID 6488    ][INFO      ] >> Custom configuration method [dmvcframework]
2023-08-17 14:12:59:025  [TID 6488    ][INFO      ] << Custom configuration method [dmvcframework]
2023-08-17 14:13:07:899  [TID 10944   ][INFO      ] Default Logger initialized [dmvcframework]
2023-08-17 14:13:07:922  [TID 10944   ][INFO      ] ENTER: Config default values [dmvcframework]
2023-08-17 14:13:07:923  [TID 10944   ][INFO      ] EXIT: Config default values [dmvcframework]
2023-08-17 14:13:07:947  [TID 10944   ][INFO      ] >> Custom configuration method [dmvcframework]
2023-08-17 14:13:07:947  [TID 10944   ][INFO      ] << Custom configuration method [dmvcframework]
2023-08-17 14:13:08:302  [TID 10944   ][ERROR     ] [EMySQLNativeException] [FireDAC][Phys][MySQL] You have an error in your SQL syntax; check the manual that corresponds to your MySQL server version for the right syntax to use near '= 101' at line 1 [PathInfo "GET /api/reviews/101"] (Custom message: "Global Action Exception Handler") [dmvcframework]
2023-08-17 14:13:13:890  [TID 10944   ][INFO      ] GET:/api/customers/10 [0:0:0:0:0:0:0:1] -> CustomerController.TCustomerController.GetCustomerById - 200 OK [dmvcframework]
2023-08-17 14:13:19:580  [TID 10944   ][ERROR     ] [EMySQLNativeException] [FireDAC][Phys][MySQL] You have an error in your SQL syntax; check the manual that corresponds to your MySQL server version for the right syntax to use near '= 101' at line 1 [PathInfo "GET /api/reviews/101"] (Custom message: "Global Action Exception Handler") [dmvcframework]
2023-08-17 14:17:11:898  [TID 10456   ][INFO      ] Default Logger initialized [dmvcframework]
2023-08-17 14:17:11:916  [TID 10456   ][INFO      ] ENTER: Config default values [dmvcframework]
2023-08-17 14:17:11:916  [TID 10456   ][INFO      ] EXIT: Config default values [dmvcframework]
2023-08-17 14:17:11:916  [TID 10456   ][INFO      ] >> Custom configuration method [dmvcframework]
2023-08-17 14:17:11:916  [TID 10456   ][INFO      ] << Custom configuration method [dmvcframework]
2023-08-17 14:17:12:211  [TID 10456   ][ERROR     ] [EMySQLNativeException] [FireDAC][Phys][MySQL] You have an error in your SQL syntax; check the manual that corresponds to your MySQL server version for the right syntax to use near '= 101' at line 1 [PathInfo "GET /api/reviews/101"] (Custom message: "Global Action Exception Handler") [dmvcframework]
2023-08-17 14:17:36:397  [TID 4472    ][INFO      ] Default Logger initialized [dmvcframework]
2023-08-17 14:17:36:397  [TID 4472    ][INFO      ] ENTER: Config default values [dmvcframework]
2023-08-17 14:17:36:431  [TID 4472    ][INFO      ] EXIT: Config default values [dmvcframework]
2023-08-17 14:17:36:431  [TID 4472    ][INFO      ] >> Custom configuration method [dmvcframework]
2023-08-17 14:17:36:431  [TID 4472    ][INFO      ] << Custom configuration method [dmvcframework]
2023-08-17 14:17:36:593  [TID 4472    ][INFO      ] GET:/api/books [0:0:0:0:0:0:0:1] -> BookController.TBookController.GetBooks - 200 OK [dmvcframework]
2023-08-17 14:17:51:764  [TID 4472    ][ERROR     ] [EArgumentOutOfRangeException] Argument out of range [PathInfo "GET /api/reviews/110"] (Custom message: "Global Action Exception Handler") [dmvcframework]
2023-08-17 14:19:26:290  [TID 5160    ][INFO      ] Default Logger initialized [dmvcframework]
2023-08-17 14:19:26:309  [TID 5160    ][INFO      ] ENTER: Config default values [dmvcframework]
2023-08-17 14:19:26:309  [TID 5160    ][INFO      ] EXIT: Config default values [dmvcframework]
2023-08-17 14:19:26:309  [TID 5160    ][INFO      ] >> Custom configuration method [dmvcframework]
2023-08-17 14:19:26:309  [TID 5160    ][INFO      ] << Custom configuration method [dmvcframework]
2023-08-17 14:19:26:495  [TID 5160    ][ERROR     ] [EArgumentOutOfRangeException] Argument out of range [PathInfo "GET /api/reviews/110"] (Custom message: "Global Action Exception Handler") [dmvcframework]
2023-08-17 14:19:27:891  [TID 5160    ][ERROR     ] [EArgumentOutOfRangeException] Argument out of range [PathInfo "GET /api/reviews/110"] (Custom message: "Global Action Exception Handler") [dmvcframework]
2023-08-17 14:19:54:270  [TID 3612    ][INFO      ] Default Logger initialized [dmvcframework]
2023-08-17 14:19:54:270  [TID 3612    ][INFO      ] ENTER: Config default values [dmvcframework]
2023-08-17 14:19:54:270  [TID 3612    ][INFO      ] EXIT: Config default values [dmvcframework]
2023-08-17 14:19:54:270  [TID 3612    ][INFO      ] >> Custom configuration method [dmvcframework]
2023-08-17 14:19:54:270  [TID 3612    ][INFO      ] << Custom configuration method [dmvcframework]
2023-08-17 14:19:54:525  [TID 3612    ][ERROR     ] [EMySQLNativeException] [FireDAC][Phys][MySQL] You have an error in your SQL syntax; check the manual that corresponds to your MySQL server version for the right syntax to use near '= 110' at line 1 [PathInfo "GET /api/reviews/110"] (Custom message: "Global Action Exception Handler") [dmvcframework]
2023-08-17 14:25:45:206  [TID 9616    ][INFO      ] Default Logger initialized [dmvcframework]
2023-08-17 14:25:45:206  [TID 9616    ][INFO      ] ENTER: Config default values [dmvcframework]
2023-08-17 14:25:45:206  [TID 9616    ][INFO      ] EXIT: Config default values [dmvcframework]
2023-08-17 14:25:45:206  [TID 9616    ][INFO      ] >> Custom configuration method [dmvcframework]
2023-08-17 14:25:45:206  [TID 9616    ][INFO      ] << Custom configuration method [dmvcframework]
2023-08-17 14:25:45:472  [TID 9616    ][ERROR     ] [EMySQLNativeException] [FireDAC][Phys][MySQL] You have an error in your SQL syntax; check the manual that corresponds to your MySQL server version for the right syntax to use near '= 110' at line 1 [PathInfo "GET /api/reviews/110"] (Custom message: "Global Action Exception Handler") [dmvcframework]
2023-08-17 14:26:26:745  [TID 14544   ][INFO      ] Default Logger initialized [dmvcframework]
2023-08-17 14:26:26:763  [TID 14544   ][INFO      ] ENTER: Config default values [dmvcframework]
2023-08-17 14:26:26:763  [TID 14544   ][INFO      ] EXIT: Config default values [dmvcframework]
2023-08-17 14:26:26:763  [TID 14544   ][INFO      ] >> Custom configuration method [dmvcframework]
2023-08-17 14:26:26:763  [TID 14544   ][INFO      ] << Custom configuration method [dmvcframework]
2023-08-17 14:26:27:010  [TID 14544   ][ERROR     ] [EMySQLNativeException] [FireDAC][Phys][MySQL] You have an error in your SQL syntax; check the manual that corresponds to your MySQL server version for the right syntax to use near '= 220' at line 1 [PathInfo "GET /api/reviews/110"] (Custom message: "Global Action Exception Handler") [dmvcframework]
2023-08-17 14:26:28:811  [TID 14544   ][ERROR     ] [EMySQLNativeException] [FireDAC][Phys][MySQL] You have an error in your SQL syntax; check the manual that corresponds to your MySQL server version for the right syntax to use near '= 220' at line 1 [PathInfo "GET /api/reviews/110"] (Custom message: "Global Action Exception Handler") [dmvcframework]
2023-08-17 14:33:23:189  [TID 10468   ][INFO      ] Default Logger initialized [dmvcframework]
2023-08-17 14:33:23:212  [TID 10468   ][INFO      ] ENTER: Config default values [dmvcframework]
2023-08-17 14:33:23:212  [TID 10468   ][INFO      ] EXIT: Config default values [dmvcframework]
2023-08-17 14:33:23:212  [TID 10468   ][INFO      ] >> Custom configuration method [dmvcframework]
2023-08-17 14:33:23:212  [TID 10468   ][INFO      ] << Custom configuration method [dmvcframework]
2023-08-17 14:33:23:461  [TID 10468   ][ERROR     ] [EMySQLNativeException] [FireDAC][Phys][MySQL] You have an error in your SQL syntax; check the manual that corresponds to your MySQL server version for the right syntax to use near '= 110' at line 1 [PathInfo "GET /api/reviews/110"] (Custom message: "Global Action Exception Handler") [dmvcframework]
2023-08-17 14:38:04:424  [TID 10424   ][INFO      ] Default Logger initialized [dmvcframework]
2023-08-17 14:38:04:424  [TID 10424   ][INFO      ] ENTER: Config default values [dmvcframework]
2023-08-17 14:38:04:447  [TID 10424   ][INFO      ] EXIT: Config default values [dmvcframework]
2023-08-17 14:38:04:447  [TID 10424   ][INFO      ] >> Custom configuration method [dmvcframework]
2023-08-17 14:38:04:447  [TID 10424   ][INFO      ] << Custom configuration method [dmvcframework]
2023-08-17 14:38:04:603  [TID 10424   ][INFO      ] GET:/api/books/101 [0:0:0:0:0:0:0:1] -> BookController.TBookController.GetBookById - 200 OK [dmvcframework]
2023-08-17 14:38:12:392  [TID 10424   ][DEBUG     ] RQL [contains(BookId, "110")] => SQL [ where (LOWER(BOOK_ID) LIKE '%110%')] [dmvcframework]
2023-08-17 14:38:12:400  [TID 10424   ][INFO      ] GET:/api/reviews/110 [0:0:0:0:0:0:0:1] -> CustomerReviewController.TCustomerReviewController.GetCustomerReviewsByBookId - 200 OK [dmvcframework]
2023-08-17 14:39:56:330  [TID 240     ][INFO      ] Default Logger initialized [dmvcframework]
2023-08-17 14:39:56:347  [TID 240     ][INFO      ] ENTER: Config default values [dmvcframework]
2023-08-17 14:39:56:347  [TID 240     ][INFO      ] EXIT: Config default values [dmvcframework]
2023-08-17 14:39:56:347  [TID 240     ][INFO      ] >> Custom configuration method [dmvcframework]
2023-08-17 14:39:56:347  [TID 240     ][INFO      ] << Custom configuration method [dmvcframework]
2023-08-17 14:39:56:491  [TID 240     ][DEBUG     ] RQL [eq(BookId, "101")] => SQL [ where (BOOK_ID = '101')] [dmvcframework]
2023-08-17 14:39:56:496  [TID 240     ][INFO      ] GET:/api/reviews/101 [0:0:0:0:0:0:0:1] -> CustomerReviewController.TCustomerReviewController.GetCustomerReviewsByBookId - 200 OK [dmvcframework]
2023-08-17 14:40:56:140  [TID 11628   ][INFO      ] Default Logger initialized [dmvcframework]
2023-08-17 14:40:56:140  [TID 11628   ][INFO      ] ENTER: Config default values [dmvcframework]
2023-08-17 14:40:56:160  [TID 11628   ][INFO      ] EXIT: Config default values [dmvcframework]
2023-08-17 14:40:56:160  [TID 11628   ][INFO      ] >> Custom configuration method [dmvcframework]
2023-08-17 14:40:56:160  [TID 11628   ][INFO      ] << Custom configuration method [dmvcframework]
2023-08-17 14:40:56:427  [TID 11628   ][ERROR     ] [EMySQLNativeException] [FireDAC][Phys][MySQL] You have an error in your SQL syntax; check the manual that corresponds to your MySQL server version for the right syntax to use near '= '101'' at line 1 [PathInfo "GET /api/reviews/101"] (Custom message: "Global Action Exception Handler") [dmvcframework]
2023-08-17 14:42:47:594  [TID 6492    ][INFO      ] Default Logger initialized [dmvcframework]
2023-08-17 14:42:47:630  [TID 6492    ][INFO      ] ENTER: Config default values [dmvcframework]
2023-08-17 14:42:47:630  [TID 6492    ][INFO      ] EXIT: Config default values [dmvcframework]
2023-08-17 14:42:47:630  [TID 6492    ][INFO      ] >> Custom configuration method [dmvcframework]
2023-08-17 14:42:47:630  [TID 6492    ][INFO      ] << Custom configuration method [dmvcframework]
2023-08-17 14:42:47:796  [TID 6492    ][ERROR     ] [EArgumentOutOfRangeException] Argument out of range [PathInfo "GET /api/reviews/101"] (Custom message: "Global Action Exception Handler") [dmvcframework]
2023-08-17 14:45:41:230  [TID 6492    ][ERROR     ] [EArgumentOutOfRangeException] Argument out of range [PathInfo "GET /api/reviews/101"] (Custom message: "Global Action Exception Handler") [dmvcframework]
2023-08-17 14:46:04:258  [TID 5748    ][INFO      ] Default Logger initialized [dmvcframework]
2023-08-17 14:46:04:277  [TID 5748    ][INFO      ] ENTER: Config default values [dmvcframework]
2023-08-17 14:46:04:277  [TID 5748    ][INFO      ] EXIT: Config default values [dmvcframework]
2023-08-17 14:46:04:301  [TID 5748    ][INFO      ] >> Custom configuration method [dmvcframework]
2023-08-17 14:46:04:301  [TID 5748    ][INFO      ] << Custom configuration method [dmvcframework]
2023-08-17 14:46:04:585  [TID 5748    ][ERROR     ] [EMySQLNativeException] [FireDAC][Phys][MySQL] You have an error in your SQL syntax; check the manual that corresponds to your MySQL server version for the right syntax to use near '= 101' at line 1 [PathInfo "GET /api/reviews/101"] (Custom message: "Global Action Exception Handler") [dmvcframework]
2023-08-17 14:49:29:441  [TID 9164    ][INFO      ] Default Logger initialized [dmvcframework]
2023-08-17 14:49:29:462  [TID 9164    ][INFO      ] ENTER: Config default values [dmvcframework]
2023-08-17 14:49:29:462  [TID 9164    ][INFO      ] EXIT: Config default values [dmvcframework]
2023-08-17 14:49:29:462  [TID 9164    ][INFO      ] >> Custom configuration method [dmvcframework]
2023-08-17 14:49:29:462  [TID 9164    ][INFO      ] << Custom configuration method [dmvcframework]
2023-08-17 14:49:29:723  [TID 9164    ][ERROR     ] [EMySQLNativeException] [FireDAC][Phys][MySQL] You have an error in your SQL syntax; check the manual that corresponds to your MySQL server version for the right syntax to use near '= 101' at line 1 [PathInfo "GET /api/reviews/101"] (Custom message: "Global Action Exception Handler") [dmvcframework]
2023-08-17 14:49:31:484  [TID 9164    ][ERROR     ] [EMySQLNativeException] [FireDAC][Phys][MySQL] You have an error in your SQL syntax; check the manual that corresponds to your MySQL server version for the right syntax to use near '= 101' at line 1 [PathInfo "GET /api/reviews/101"] (Custom message: "Global Action Exception Handler") [dmvcframework]
2023-08-17 14:49:51:648  [TID 10364   ][INFO      ] Default Logger initialized [dmvcframework]
2023-08-17 14:49:51:648  [TID 10364   ][INFO      ] ENTER: Config default values [dmvcframework]
2023-08-17 14:49:51:668  [TID 10364   ][INFO      ] EXIT: Config default values [dmvcframework]
2023-08-17 14:49:51:668  [TID 10364   ][INFO      ] >> Custom configuration method [dmvcframework]
2023-08-17 14:49:51:668  [TID 10364   ][INFO      ] << Custom configuration method [dmvcframework]
2023-08-17 14:49:51:919  [TID 10364   ][ERROR     ] [EMySQLNativeException] [FireDAC][Phys][MySQL] You have an error in your SQL syntax; check the manual that corresponds to your MySQL server version for the right syntax to use near '= 101' at line 1 [PathInfo "GET /api/reviews/101"] (Custom message: "Global Action Exception Handler") [dmvcframework]
2023-08-17 14:52:02:452  [TID 12752   ][INFO      ] Default Logger initialized [dmvcframework]
2023-08-17 14:52:02:476  [TID 12752   ][INFO      ] ENTER: Config default values [dmvcframework]
2023-08-17 14:52:02:499  [TID 12752   ][INFO      ] EXIT: Config default values [dmvcframework]
2023-08-17 14:52:02:499  [TID 12752   ][INFO      ] >> Custom configuration method [dmvcframework]
2023-08-17 14:52:02:524  [TID 12752   ][INFO      ] << Custom configuration method [dmvcframework]
2023-08-17 14:52:02:775  [TID 12752   ][ERROR     ] [EMySQLNativeException] [FireDAC][Phys][MySQL] You have an error in your SQL syntax; check the manual that corresponds to your MySQL server version for the right syntax to use near '= 101' at line 1 [PathInfo "GET /api/reviews/101"] (Custom message: "Global Action Exception Handler") [dmvcframework]
2023-08-17 14:53:43:793  [TID 8092    ][INFO      ] Default Logger initialized [dmvcframework]
2023-08-17 14:53:43:821  [TID 8092    ][INFO      ] ENTER: Config default values [dmvcframework]
2023-08-17 14:53:43:821  [TID 8092    ][INFO      ] EXIT: Config default values [dmvcframework]
2023-08-17 14:53:43:821  [TID 8092    ][INFO      ] >> Custom configuration method [dmvcframework]
2023-08-17 14:53:43:821  [TID 8092    ][INFO      ] << Custom configuration method [dmvcframework]
2023-08-17 14:53:44:103  [TID 8092    ][ERROR     ] [EMySQLNativeException] [FireDAC][Phys][MySQL] You have an error in your SQL syntax; check the manual that corresponds to your MySQL server version for the right syntax to use near '= 101' at line 1 [PathInfo "GET /api/reviews/101"] (Custom message: "Global Action Exception Handler") [dmvcframework]
2023-08-17 15:01:11:123  [TID 8304    ][INFO      ] Default Logger initialized [dmvcframework]
2023-08-17 15:01:11:123  [TID 8304    ][INFO      ] ENTER: Config default values [dmvcframework]
2023-08-17 15:01:11:123  [TID 8304    ][INFO      ] EXIT: Config default values [dmvcframework]
2023-08-17 15:01:11:123  [TID 8304    ][INFO      ] >> Custom configuration method [dmvcframework]
2023-08-17 15:01:11:123  [TID 8304    ][INFO      ] << Custom configuration method [dmvcframework]
2023-08-17 15:01:11:250  [TID 8304    ][DEBUG     ] RQL [eq(BookId, "101")] => SQL [ where (BOOK_ID = '101')] [dmvcframework]
2023-08-17 15:01:11:256  [TID 8304    ][INFO      ] GET:/api/reviews/101 [0:0:0:0:0:0:0:1] -> CustomerReviewController.TCustomerReviewController.GetCustomerReviewsByBookId - 200 OK [dmvcframework]
2023-08-17 15:02:35:077  [TID 8336    ][INFO      ] Default Logger initialized [dmvcframework]
2023-08-17 15:02:35:106  [TID 8336    ][INFO      ] ENTER: Config default values [dmvcframework]
2023-08-17 15:02:35:106  [TID 8336    ][INFO      ] EXIT: Config default values [dmvcframework]
2023-08-17 15:02:35:106  [TID 8336    ][INFO      ] >> Custom configuration method [dmvcframework]
2023-08-17 15:02:35:106  [TID 8336    ][INFO      ] << Custom configuration method [dmvcframework]
2023-08-17 15:02:35:383  [TID 8336    ][ERROR     ] [EMySQLNativeException] [FireDAC][Phys][MySQL] You have an error in your SQL syntax; check the manual that corresponds to your MySQL server version for the right syntax to use near '= '\"101\"'' at line 1 [PathInfo "GET /api/reviews/101"] (Custom message: "Global Action Exception Handler") [dmvcframework]
2023-08-17 15:03:33:419  [TID 11816   ][INFO      ] Default Logger initialized [dmvcframework]
2023-08-17 15:03:33:437  [TID 11816   ][INFO      ] ENTER: Config default values [dmvcframework]
2023-08-17 15:03:33:437  [TID 11816   ][INFO      ] EXIT: Config default values [dmvcframework]
2023-08-17 15:03:33:437  [TID 11816   ][INFO      ] >> Custom configuration method [dmvcframework]
2023-08-17 15:03:33:437  [TID 11816   ][INFO      ] << Custom configuration method [dmvcframework]
2023-08-17 15:03:33:726  [TID 11816   ][ERROR     ] [EMySQLNativeException] [FireDAC][Phys][MySQL] You have an error in your SQL syntax; check the manual that corresponds to your MySQL server version for the right syntax to use near '= 101' at line 1 [PathInfo "GET /api/reviews/101"] (Custom message: "Global Action Exception Handler") [dmvcframework]
2023-08-17 15:03:52:135  [TID 2060    ][INFO      ] Default Logger initialized [dmvcframework]
2023-08-17 15:03:52:135  [TID 2060    ][INFO      ] ENTER: Config default values [dmvcframework]
2023-08-17 15:03:52:172  [TID 2060    ][INFO      ] EXIT: Config default values [dmvcframework]
2023-08-17 15:03:52:172  [TID 2060    ][INFO      ] >> Custom configuration method [dmvcframework]
2023-08-17 15:03:52:180  [TID 2060    ][INFO      ] << Custom configuration method [dmvcframework]
2023-08-17 15:03:52:488  [TID 2060    ][ERROR     ] [EMySQLNativeException] [FireDAC][Phys][MySQL] You have an error in your SQL syntax; check the manual that corresponds to your MySQL server version for the right syntax to use near '= 101' at line 1 [PathInfo "GET /api/reviews/101"] (Custom message: "Global Action Exception Handler") [dmvcframework]
2023-08-17 15:04:13:561  [TID 13680   ][INFO      ] Default Logger initialized [dmvcframework]
2023-08-17 15:04:13:579  [TID 13680   ][INFO      ] ENTER: Config default values [dmvcframework]
2023-08-17 15:04:13:579  [TID 13680   ][INFO      ] EXIT: Config default values [dmvcframework]
2023-08-17 15:04:13:579  [TID 13680   ][INFO      ] >> Custom configuration method [dmvcframework]
2023-08-17 15:04:13:579  [TID 13680   ][INFO      ] << Custom configuration method [dmvcframework]
2023-08-17 15:04:13:828  [TID 13680   ][ERROR     ] [EMySQLNativeException] [FireDAC][Phys][MySQL] You have an error in your SQL syntax; check the manual that corresponds to your MySQL server version for the right syntax to use near '= 101' at line 1 [PathInfo "GET /api/reviews/101"] (Custom message: "Global Action Exception Handler") [dmvcframework]
2023-08-17 15:06:28:124  [TID 12740   ][INFO      ] Default Logger initialized [dmvcframework]
2023-08-17 15:06:28:153  [TID 12740   ][INFO      ] ENTER: Config default values [dmvcframework]
2023-08-17 15:06:28:154  [TID 12740   ][INFO      ] EXIT: Config default values [dmvcframework]
2023-08-17 15:06:28:154  [TID 12740   ][INFO      ] >> Custom configuration method [dmvcframework]
2023-08-17 15:06:28:154  [TID 12740   ][INFO      ] << Custom configuration method [dmvcframework]
2023-08-17 15:06:28:307  [TID 12740   ][DEBUG     ] RQL [eq(BookId, 101)] => SQL [ where (BOOK_ID = 101)] [dmvcframework]
2023-08-17 15:06:28:319  [TID 12740   ][INFO      ] GET:/api/reviews/101 [0:0:0:0:0:0:0:1] -> CustomerReviewController.TCustomerReviewController.GetCustomerReviewsByBookId - 200 OK [dmvcframework]
2023-08-17 15:07:12:733  [TID 4736    ][INFO      ] Default Logger initialized [dmvcframework]
2023-08-17 15:07:12:770  [TID 4736    ][INFO      ] ENTER: Config default values [dmvcframework]
2023-08-17 15:07:12:770  [TID 4736    ][INFO      ] EXIT: Config default values [dmvcframework]
2023-08-17 15:07:12:770  [TID 4736    ][INFO      ] >> Custom configuration method [dmvcframework]
2023-08-17 15:07:12:770  [TID 4736    ][INFO      ] << Custom configuration method [dmvcframework]
2023-08-17 15:07:13:053  [TID 4736    ][ERROR     ] [EMySQLNativeException] [FireDAC][Phys][MySQL] You have an error in your SQL syntax; check the manual that corresponds to your MySQL server version for the right syntax to use near '= 101' at line 1 [PathInfo "GET /api/reviews/101"] (Custom message: "Global Action Exception Handler") [dmvcframework]
2023-08-17 15:09:20:269  [TID 13600   ][INFO      ] Default Logger initialized [dmvcframework]
2023-08-17 15:09:20:269  [TID 13600   ][INFO      ] ENTER: Config default values [dmvcframework]
2023-08-17 15:09:20:270  [TID 13600   ][INFO      ] EXIT: Config default values [dmvcframework]
2023-08-17 15:09:20:270  [TID 13600   ][INFO      ] >> Custom configuration method [dmvcframework]
2023-08-17 15:09:20:270  [TID 13600   ][INFO      ] << Custom configuration method [dmvcframework]
2023-08-17 15:09:20:429  [TID 13600   ][INFO      ] GET:/api/reviews/101 [0:0:0:0:0:0:0:1] -> CustomerReviewController.TCustomerReviewController.GetCustomerReviewsByBookId - 200 OK [dmvcframework]
2023-08-17 15:24:27:966  [TID 4448    ][INFO      ] Default Logger initialized [dmvcframework]
2023-08-17 15:24:27:966  [TID 4448    ][INFO      ] ENTER: Config default values [dmvcframework]
2023-08-17 15:24:27:966  [TID 4448    ][INFO      ] EXIT: Config default values [dmvcframework]
2023-08-17 15:24:27:966  [TID 4448    ][INFO      ] >> Custom configuration method [dmvcframework]
2023-08-17 15:24:27:966  [TID 4448    ][INFO      ] << Custom configuration method [dmvcframework]
2023-08-17 15:24:28:192  [TID 4448    ][ERROR     ] [EMVCJWTException] Forbidden [PathInfo "GET /api/login"] (Custom message: "") [dmvcframework]
2023-08-17 15:24:34:228  [TID 4448    ][ERROR     ] [EMVCJWTException] Forbidden [PathInfo "GET /api/login"] (Custom message: "") [dmvcframework]
2023-08-17 15:24:56:406  [TID 240     ][INFO      ] Default Logger initialized [dmvcframework]
2023-08-17 15:24:56:426  [TID 240     ][INFO      ] ENTER: Config default values [dmvcframework]
2023-08-17 15:24:56:449  [TID 240     ][INFO      ] EXIT: Config default values [dmvcframework]
2023-08-17 15:24:56:449  [TID 240     ][INFO      ] >> Custom configuration method [dmvcframework]
2023-08-17 15:24:56:449  [TID 240     ][INFO      ] << Custom configuration method [dmvcframework]
2023-08-17 15:24:56:662  [TID 240     ][ERROR     ] [EMVCJWTException] Forbidden [PathInfo "GET /api/login"] (Custom message: "") [dmvcframework]
2023-08-17 15:25:45:096  [TID 5160    ][INFO      ] Default Logger initialized [dmvcframework]
2023-08-17 15:25:45:141  [TID 5160    ][INFO      ] ENTER: Config default values [dmvcframework]
2023-08-17 15:25:45:141  [TID 5160    ][INFO      ] EXIT: Config default values [dmvcframework]
2023-08-17 15:25:45:141  [TID 5160    ][INFO      ] >> Custom configuration method [dmvcframework]
2023-08-17 15:25:45:141  [TID 5160    ][INFO      ] << Custom configuration method [dmvcframework]
2023-08-17 15:27:15:497  [TID 5160    ][ERROR     ] [EMVCJWTException] Forbidden [PathInfo "GET /api/login"] (Custom message: "") [dmvcframework]
2023-08-17 15:27:15:580  [TID 576     ][INFO      ] ENTER: Config default values [dmvcframework]
2023-08-17 15:27:15:580  [TID 576     ][INFO      ] EXIT: Config default values [dmvcframework]
2023-08-17 15:27:15:580  [TID 576     ][INFO      ] >> Custom configuration method [dmvcframework]
2023-08-17 15:27:15:580  [TID 576     ][INFO      ] << Custom configuration method [dmvcframework]
2023-08-17 15:27:15:659  [TID 576     ][INFO      ] GET:/api/customers [0:0:0:0:0:0:0:1] -> CustomerController.TCustomerController.GetCustomers - 200 OK [dmvcframework]
2023-08-17 15:27:50:042  [TID 576     ][ERROR     ] [EMVCJWTException] Forbidden [PathInfo "GET /api/login"] (Custom message: "") [dmvcframework]
2023-08-17 15:29:51:288  [TID 10496   ][INFO      ] Default Logger initialized [dmvcframework]
2023-08-17 15:29:51:288  [TID 10496   ][INFO      ] ENTER: Config default values [dmvcframework]
2023-08-17 15:29:51:313  [TID 10496   ][INFO      ] EXIT: Config default values [dmvcframework]
2023-08-17 15:29:51:313  [TID 10496   ][INFO      ] >> Custom configuration method [dmvcframework]
2023-08-17 15:29:51:313  [TID 10496   ][INFO      ] << Custom configuration method [dmvcframework]
2023-08-17 15:29:51:544  [TID 10496   ][ERROR     ] [EMVCException] Invalid Password [PathInfo "GET /api/login"] (Custom message: "") [dmvcframework]
2023-08-17 15:29:52:982  [TID 10496   ][ERROR     ] [EMVCException] Invalid Password [PathInfo "GET /api/login"] (Custom message: "") [dmvcframework]
2023-08-17 15:31:05:810  [TID 14560   ][INFO      ] Default Logger initialized [dmvcframework]
2023-08-17 15:31:05:829  [TID 14560   ][INFO      ] ENTER: Config default values [dmvcframework]
2023-08-17 15:31:05:829  [TID 14560   ][INFO      ] EXIT: Config default values [dmvcframework]
2023-08-17 15:31:05:829  [TID 14560   ][INFO      ] >> Custom configuration method [dmvcframework]
2023-08-17 15:31:05:829  [TID 14560   ][INFO      ] << Custom configuration method [dmvcframework]
2023-08-17 15:31:06:068  [TID 14560   ][ERROR     ] [EMVCException] Invalid Password [PathInfo "GET /api/login"] (Custom message: "") [dmvcframework]
2023-08-17 15:31:12:105  [TID 14560   ][ERROR     ] [EMVCException] Email does not exist [PathInfo "GET /api/login"] (Custom message: "") [dmvcframework]
2023-08-17 15:32:23:403  [TID 14560   ][ERROR     ] [EMVCJWTException] Token expired [PathInfo "POST /api/customers"] (Custom message: "") [dmvcframework]
2023-08-17 15:32:58:626  [TID 14560   ][ERROR     ] [EMVCException] Invalid Request [PathInfo "POST /api/customers"] (Custom message: "") [dmvcframework]
2023-08-17 15:33:18:439  [TID 14560   ][ERROR     ] [EMVCException] Invalid Password [PathInfo "GET /api/login"] (Custom message: "") [dmvcframework]
