2023-08-11 11:17:46:094  [TID 13120   ][INFO      ] Default Logger initialized [dmvcframework]
2023-08-11 11:17:46:111  [TID 13120   ][INFO      ] ENTER: Config default values [dmvcframework]
2023-08-11 11:17:46:111  [TID 13120   ][INFO      ] EXIT: Config default values [dmvcframework]
2023-08-11 11:17:46:111  [TID 13120   ][INFO      ] >> Custom configuration method [dmvcframework]
2023-08-11 11:17:46:111  [TID 13120   ][INFO      ] << Custom configuration method [dmvcframework]
2023-08-11 11:17:46:111  [TID 13120   ][INFO      ] ENTER: LoadSystemControllers [dmvcframework]
2023-08-11 11:17:46:111  [TID 13120   ][INFO      ] EXIT: LoadSystemControllers [dmvcframework]
2023-08-11 11:17:46:139  [TID 13120   ][INFO      ] GET:/books [0:0:0:0:0:0:0:1] -> {NOT FOUND} - 404 Not Found [dmvcframework]
2023-08-11 11:17:46:209  [TID 13120   ][ERROR     ] [EMVCException] Not Found [PathInfo "GET /books"] (Custom message: "GET /books") [dmvcframework]
2023-08-11 11:17:46:320  [TID 1768    ][INFO      ] GET:/favicon.ico [0:0:0:0:0:0:0:1] -> {NOT FOUND} - 404 Not Found [dmvcframework]
2023-08-11 11:17:46:325  [TID 1768    ][ERROR     ] [EMVCException] Not Found [PathInfo "GET /favicon.ico"] (Custom message: "GET /favicon.ico") [dmvcframework]
2023-08-11 11:17:51:212  [TID 10500   ][ERROR     ] [Exception] Object factory for class {3E9B315B-F456-4175-A864-B2573C4A2101} is missing. To register it, you can drop component [TFDPhysXXXDriverLink] into your project [PathInfo "GET /api/books"] (Custom message: "Global Action Exception Handler") [dmvcframework]
2023-08-11 11:18:29:717  [TID 4980    ][INFO      ] Default Logger initialized [dmvcframework]
2023-08-11 11:18:29:734  [TID 4980    ][INFO      ] ENTER: Config default values [dmvcframework]
2023-08-11 11:18:29:734  [TID 4980    ][INFO      ] EXIT: Config default values [dmvcframework]
2023-08-11 11:18:29:734  [TID 4980    ][INFO      ] >> Custom configuration method [dmvcframework]
2023-08-11 11:18:29:734  [TID 4980    ][INFO      ] << Custom configuration method [dmvcframework]
2023-08-11 11:18:29:734  [TID 4980    ][INFO      ] ENTER: LoadSystemControllers [dmvcframework]
2023-08-11 11:18:29:734  [TID 4980    ][INFO      ] EXIT: LoadSystemControllers [dmvcframework]
2023-08-11 11:18:29:796  [TID 4980    ][INFO      ] GET:/api/books [0:0:0:0:0:0:0:1] -> BookController.TBookController.GetBooks - 200 OK [dmvcframework]
2023-08-11 11:34:42:154  [TID 8988    ][INFO      ] Default Logger initialized [dmvcframework]
2023-08-11 11:34:42:174  [TID 8988    ][INFO      ] ENTER: Config default values [dmvcframework]
2023-08-11 11:34:42:174  [TID 8988    ][INFO      ] EXIT: Config default values [dmvcframework]
2023-08-11 11:34:42:174  [TID 8988    ][INFO      ] >> Custom configuration method [dmvcframework]
2023-08-11 11:34:42:174  [TID 8988    ][INFO      ] << Custom configuration method [dmvcframework]
2023-08-11 11:34:42:174  [TID 8988    ][INFO      ] ENTER: LoadSystemControllers [dmvcframework]
2023-08-11 11:34:42:174  [TID 8988    ][INFO      ] EXIT: LoadSystemControllers [dmvcframework]
2023-08-11 11:34:42:306  [TID 8988    ][ERROR     ] [EFDException] [FireDAC][Stan][Def]-254. Definition [Internet_Bookstore_Connection] is not found in [C:\Users\Public\Documents\Embarcadero\Studio\FireDAC\FDConnectionDefs.ini] [PathInfo "GET /api/books"] (Custom message: "Global Action Exception Handler") [dmvcframework]
2023-08-11 11:36:40:564  [TID 1312    ][INFO      ] Default Logger initialized [dmvcframework]
2023-08-11 11:36:40:580  [TID 1312    ][INFO      ] ENTER: Config default values [dmvcframework]
2023-08-11 11:36:40:580  [TID 1312    ][INFO      ] EXIT: Config default values [dmvcframework]
2023-08-11 11:36:40:580  [TID 1312    ][INFO      ] >> Custom configuration method [dmvcframework]
2023-08-11 11:36:40:580  [TID 1312    ][INFO      ] << Custom configuration method [dmvcframework]
2023-08-11 11:36:40:580  [TID 1312    ][INFO      ] ENTER: LoadSystemControllers [dmvcframework]
2023-08-11 11:36:40:580  [TID 1312    ][INFO      ] EXIT: LoadSystemControllers [dmvcframework]
2023-08-11 11:36:40:731  [TID 1312    ][ERROR     ] [EFDException] [FireDAC][Stan][Def]-254. Definition [Internet_Bookstore_Connection] is not found in [C:\Users\Emmy-chwaan\Documents\GitHub\internet_bookstore\Win32\Debug\FDConnectionDefs.ini] [PathInfo "GET /api/books"] (Custom message: "Global Action Exception Handler") [dmvcframework]
2023-08-11 11:38:00:683  [TID 6504    ][INFO      ] Default Logger initialized [dmvcframework]
2023-08-11 11:38:00:698  [TID 6504    ][INFO      ] ENTER: Config default values [dmvcframework]
2023-08-11 11:38:00:698  [TID 6504    ][INFO      ] EXIT: Config default values [dmvcframework]
2023-08-11 11:38:00:698  [TID 6504    ][INFO      ] >> Custom configuration method [dmvcframework]
2023-08-11 11:38:00:698  [TID 6504    ][INFO      ] << Custom configuration method [dmvcframework]
2023-08-11 11:38:00:698  [TID 6504    ][INFO      ] ENTER: LoadSystemControllers [dmvcframework]
2023-08-11 11:38:00:698  [TID 6504    ][INFO      ] EXIT: LoadSystemControllers [dmvcframework]
2023-08-11 11:38:00:834  [TID 6504    ][ERROR     ] [EFDException] [FireDAC][Stan][Def]-254. Definition [Internet_Bookstore_Connection] is not found in [C:\Users\Emmy-chwaan\Documents\GitHub\internet_bookstore\Win32\Debug\FDConnectionDefs.ini] [PathInfo "GET /api/books"] (Custom message: "Global Action Exception Handler") [dmvcframework]
2023-08-11 11:38:02:710  [TID 6504    ][ERROR     ] [EFDException] [FireDAC][Stan][Def]-254. Definition [Internet_Bookstore_Connection] is not found in [C:\Users\Emmy-chwaan\Documents\GitHub\internet_bookstore\Win32\Debug\FDConnectionDefs.ini] [PathInfo "GET /api/books"] (Custom message: "Global Action Exception Handler") [dmvcframework]
2023-08-11 11:39:13:337  [TID 5892    ][INFO      ] Default Logger initialized [dmvcframework]
2023-08-11 11:39:13:359  [TID 5892    ][INFO      ] ENTER: Config default values [dmvcframework]
2023-08-11 11:39:13:359  [TID 5892    ][INFO      ] EXIT: Config default values [dmvcframework]
2023-08-11 11:39:13:359  [TID 5892    ][INFO      ] >> Custom configuration method [dmvcframework]
2023-08-11 11:39:13:359  [TID 5892    ][INFO      ] << Custom configuration method [dmvcframework]
2023-08-11 11:39:13:359  [TID 5892    ][INFO      ] ENTER: LoadSystemControllers [dmvcframework]
2023-08-11 11:39:13:359  [TID 5892    ][INFO      ] EXIT: LoadSystemControllers [dmvcframework]
2023-08-11 11:39:13:538  [TID 5892    ][INFO      ] GET:/api/books [0:0:0:0:0:0:0:1] -> BookController.TBookController.GetBooks - 200 OK [dmvcframework]
2023-08-12 04:37:16:922  [TID 12612   ][INFO      ] Default Logger initialized [dmvcframework]
2023-08-12 04:37:16:922  [TID 12612   ][INFO      ] ENTER: Config default values [dmvcframework]
2023-08-12 04:37:16:922  [TID 12612   ][INFO      ] EXIT: Config default values [dmvcframework]
2023-08-12 04:37:16:922  [TID 12612   ][INFO      ] >> Custom configuration method [dmvcframework]
2023-08-12 04:37:16:922  [TID 12612   ][INFO      ] << Custom configuration method [dmvcframework]
2023-08-12 04:37:16:930  [TID 12612   ][INFO      ] ENTER: LoadSystemControllers [dmvcframework]
2023-08-12 04:37:16:930  [TID 12612   ][INFO      ] EXIT: LoadSystemControllers [dmvcframework]
2023-08-12 04:37:16:943  [TID 12612   ][INFO      ] POST:/api/books [0:0:0:0:0:0:0:1] -> {NOT FOUND} - 404 Not Found [dmvcframework]
2023-08-12 04:37:16:998  [TID 12612   ][ERROR     ] [EMVCException] Not Found [PathInfo "POST /api/books"] (Custom message: "POST /api/books") [dmvcframework]
2023-08-12 04:38:46:270  [TID 10308   ][INFO      ] GET:/api/books [0:0:0:0:0:0:0:1] -> {NOT FOUND} - 404 Not Found [dmvcframework]
2023-08-12 04:38:46:282  [TID 10308   ][ERROR     ] [EMVCException] Not Found [PathInfo "GET /api/books"] (Custom message: "GET /api/books") [dmvcframework]
2023-08-12 04:39:15:631  [TID 2640    ][INFO      ] GET:/api/books/101 [0:0:0:0:0:0:0:1] -> BookController.TBookController.GetBookById - 500 Internal Server Error [dmvcframework]
2023-08-12 04:40:02:964  [TID 2640    ][INFO      ] DELETE:/api/books/1 [0:0:0:0:0:0:0:1] -> BookController.TBookController.DeleteBook - 500 Internal Server Error [dmvcframework]
2023-08-12 04:40:29:626  [TID 2640    ][INFO      ] PUT:/api/books [0:0:0:0:0:0:0:1] -> {NOT FOUND} - 404 Not Found [dmvcframework]
2023-08-12 04:40:29:629  [TID 2640    ][ERROR     ] [EMVCException] Not Found [PathInfo "PUT /api/books"] (Custom message: "PUT /api/books") [dmvcframework]
2023-08-12 04:40:35:999  [TID 1504    ][INFO      ] PUT:/api/books/101 [0:0:0:0:0:0:0:1] -> BookController.TBookController.UpdateBook - 400 Bad Request [dmvcframework]
2023-08-12 04:40:47:340  [TID 1504    ][INFO      ] GET:/api/books [0:0:0:0:0:0:0:1] -> {NOT FOUND} - 404 Not Found [dmvcframework]
2023-08-12 04:40:47:341  [TID 1504    ][ERROR     ] [EMVCException] Not Found [PathInfo "GET /api/books"] (Custom message: "GET /api/books") [dmvcframework]
2023-08-12 04:41:13:986  [TID 7996    ][INFO      ] GET:/api/books [0:0:0:0:0:0:0:1] -> {NOT FOUND} - 404 Not Found [dmvcframework]
2023-08-12 04:41:13:988  [TID 7996    ][ERROR     ] [EMVCException] Not Found [PathInfo "GET /api/books"] (Custom message: "GET /api/books") [dmvcframework]
2023-08-12 04:41:27:293  [TID 1116    ][INFO      ] Default Logger initialized [dmvcframework]
2023-08-12 04:41:27:304  [TID 1116    ][INFO      ] ENTER: Config default values [dmvcframework]
2023-08-12 04:41:27:304  [TID 1116    ][INFO      ] EXIT: Config default values [dmvcframework]
2023-08-12 04:41:27:304  [TID 1116    ][INFO      ] >> Custom configuration method [dmvcframework]
2023-08-12 04:41:27:304  [TID 1116    ][INFO      ] << Custom configuration method [dmvcframework]
2023-08-12 04:41:27:304  [TID 1116    ][INFO      ] ENTER: LoadSystemControllers [dmvcframework]
2023-08-12 04:41:27:304  [TID 1116    ][INFO      ] EXIT: LoadSystemControllers [dmvcframework]
2023-08-12 04:41:27:320  [TID 1116    ][INFO      ] GET:/api/books [0:0:0:0:0:0:0:1] -> {NOT FOUND} - 404 Not Found [dmvcframework]
2023-08-12 04:41:27:383  [TID 1116    ][ERROR     ] [EMVCException] Not Found [PathInfo "GET /api/books"] (Custom message: "GET /api/books") [dmvcframework]
2023-08-12 04:42:02:889  [TID 8544    ][INFO      ] Default Logger initialized [dmvcframework]
2023-08-12 04:42:02:889  [TID 8544    ][INFO      ] ENTER: Config default values [dmvcframework]
2023-08-12 04:42:02:889  [TID 8544    ][INFO      ] EXIT: Config default values [dmvcframework]
2023-08-12 04:42:02:889  [TID 8544    ][INFO      ] >> Custom configuration method [dmvcframework]
2023-08-12 04:42:02:889  [TID 8544    ][INFO      ] << Custom configuration method [dmvcframework]
2023-08-12 04:42:02:889  [TID 8544    ][INFO      ] ENTER: LoadSystemControllers [dmvcframework]
2023-08-12 04:42:02:889  [TID 8544    ][INFO      ] EXIT: LoadSystemControllers [dmvcframework]
2023-08-12 04:42:02:912  [TID 8544    ][INFO      ] GET:/api/books [0:0:0:0:0:0:0:1] -> {NOT FOUND} - 404 Not Found [dmvcframework]
2023-08-12 04:42:02:985  [TID 8544    ][ERROR     ] [EMVCException] Not Found [PathInfo "GET /api/books"] (Custom message: "GET /api/books") [dmvcframework]
2023-08-12 04:42:35:013  [TID 1484    ][INFO      ] GET:/api/books [0:0:0:0:0:0:0:1] -> {NOT FOUND} - 404 Not Found [dmvcframework]
2023-08-12 04:42:35:016  [TID 1484    ][ERROR     ] [EMVCException] Not Found [PathInfo "GET /api/books"] (Custom message: "GET /api/books") [dmvcframework]
2023-08-12 04:43:44:916  [TID 7048    ][INFO      ] Default Logger initialized [dmvcframework]
2023-08-12 04:43:44:930  [TID 7048    ][INFO      ] ENTER: Config default values [dmvcframework]
2023-08-12 04:43:44:930  [TID 7048    ][INFO      ] EXIT: Config default values [dmvcframework]
2023-08-12 04:43:44:930  [TID 7048    ][INFO      ] >> Custom configuration method [dmvcframework]
2023-08-12 04:43:44:930  [TID 7048    ][INFO      ] << Custom configuration method [dmvcframework]
2023-08-12 04:43:44:930  [TID 7048    ][INFO      ] ENTER: LoadSystemControllers [dmvcframework]
2023-08-12 04:43:44:930  [TID 7048    ][INFO      ] EXIT: LoadSystemControllers [dmvcframework]
2023-08-12 04:43:44:951  [TID 7048    ][INFO      ] GET:/api/books [0:0:0:0:0:0:0:1] -> {NOT FOUND} - 404 Not Found [dmvcframework]
2023-08-12 04:43:45:004  [TID 7048    ][ERROR     ] [EMVCException] Not Found [PathInfo "GET /api/books"] (Custom message: "GET /api/books") [dmvcframework]
2023-08-12 04:43:45:086  [TID 12968   ][INFO      ] GET:/favicon.ico [0:0:0:0:0:0:0:1] -> {NOT FOUND} - 404 Not Found [dmvcframework]
2023-08-12 04:43:45:090  [TID 12968   ][ERROR     ] [EMVCException] Not Found [PathInfo "GET /favicon.ico"] (Custom message: "GET /favicon.ico") [dmvcframework]
2023-08-12 04:44:26:035  [TID 6080    ][INFO      ] Default Logger initialized [dmvcframework]
2023-08-12 04:44:26:035  [TID 6080    ][INFO      ] ENTER: Config default values [dmvcframework]
2023-08-12 04:44:26:035  [TID 6080    ][INFO      ] EXIT: Config default values [dmvcframework]
2023-08-12 04:44:26:035  [TID 6080    ][INFO      ] >> Custom configuration method [dmvcframework]
2023-08-12 04:44:26:035  [TID 6080    ][INFO      ] << Custom configuration method [dmvcframework]
2023-08-12 04:44:26:035  [TID 6080    ][INFO      ] ENTER: LoadSystemControllers [dmvcframework]
2023-08-12 04:44:26:035  [TID 6080    ][INFO      ] EXIT: LoadSystemControllers [dmvcframework]
2023-08-12 04:44:26:055  [TID 6080    ][INFO      ] GET:/api/books [0:0:0:0:0:0:0:1] -> {NOT FOUND} - 404 Not Found [dmvcframework]
2023-08-12 04:44:26:119  [TID 6080    ][ERROR     ] [EMVCException] Not Found [PathInfo "GET /api/books"] (Custom message: "GET /api/books") [dmvcframework]
2023-08-12 04:44:27:125  [TID 4820    ][INFO      ] GET:/api/books [0:0:0:0:0:0:0:1] -> {NOT FOUND} - 404 Not Found [dmvcframework]
2023-08-12 04:44:27:129  [TID 4820    ][ERROR     ] [EMVCException] Not Found [PathInfo "GET /api/books"] (Custom message: "GET /api/books") [dmvcframework]
2023-08-12 04:44:28:043  [TID 544     ][INFO      ] GET:/api/books [0:0:0:0:0:0:0:1] -> {NOT FOUND} - 404 Not Found [dmvcframework]
2023-08-12 04:44:28:046  [TID 544     ][ERROR     ] [EMVCException] Not Found [PathInfo "GET /api/books"] (Custom message: "GET /api/books") [dmvcframework]
2023-08-12 04:44:47:650  [TID 3720    ][INFO      ] Default Logger initialized [dmvcframework]
2023-08-12 04:44:47:650  [TID 3720    ][INFO      ] ENTER: Config default values [dmvcframework]
2023-08-12 04:44:47:650  [TID 3720    ][INFO      ] EXIT: Config default values [dmvcframework]
2023-08-12 04:44:47:650  [TID 3720    ][INFO      ] >> Custom configuration method [dmvcframework]
2023-08-12 04:44:47:650  [TID 3720    ][INFO      ] << Custom configuration method [dmvcframework]
2023-08-12 04:44:47:666  [TID 3720    ][INFO      ] ENTER: LoadSystemControllers [dmvcframework]
2023-08-12 04:44:47:666  [TID 3720    ][INFO      ] EXIT: LoadSystemControllers [dmvcframework]
2023-08-12 04:44:47:681  [TID 3720    ][INFO      ] GET:/api/books [0:0:0:0:0:0:0:1] -> {NOT FOUND} - 404 Not Found [dmvcframework]
2023-08-12 04:44:47:735  [TID 3720    ][ERROR     ] [EMVCException] Not Found [PathInfo "GET /api/books"] (Custom message: "GET /api/books") [dmvcframework]
2023-08-12 04:44:51:557  [TID 9040    ][INFO      ] GET:/api/books [0:0:0:0:0:0:0:1] -> {NOT FOUND} - 404 Not Found [dmvcframework]
2023-08-12 04:44:51:562  [TID 9040    ][ERROR     ] [EMVCException] Not Found [PathInfo "GET /api/books"] (Custom message: "GET /api/books") [dmvcframework]
2023-08-12 04:45:11:331  [TID 12476   ][INFO      ] Default Logger initialized [dmvcframework]
2023-08-12 04:45:11:347  [TID 12476   ][INFO      ] ENTER: Config default values [dmvcframework]
2023-08-12 04:45:11:347  [TID 12476   ][INFO      ] EXIT: Config default values [dmvcframework]
2023-08-12 04:45:11:347  [TID 12476   ][INFO      ] >> Custom configuration method [dmvcframework]
2023-08-12 04:45:11:347  [TID 12476   ][INFO      ] << Custom configuration method [dmvcframework]
2023-08-12 04:45:11:347  [TID 12476   ][INFO      ] ENTER: LoadSystemControllers [dmvcframework]
2023-08-12 04:45:11:347  [TID 12476   ][INFO      ] EXIT: LoadSystemControllers [dmvcframework]
2023-08-12 04:45:11:363  [TID 12476   ][INFO      ] GET:/api/books [0:0:0:0:0:0:0:1] -> {NOT FOUND} - 404 Not Found [dmvcframework]
2023-08-12 04:45:11:426  [TID 12476   ][ERROR     ] [EMVCException] Not Found [PathInfo "GET /api/books"] (Custom message: "GET /api/books") [dmvcframework]
2023-08-12 04:45:12:841  [TID 3436    ][INFO      ] GET:/api/books [0:0:0:0:0:0:0:1] -> {NOT FOUND} - 404 Not Found [dmvcframework]
2023-08-12 04:45:12:844  [TID 3436    ][ERROR     ] [EMVCException] Not Found [PathInfo "GET /api/books"] (Custom message: "GET /api/books") [dmvcframework]
2023-08-12 04:45:56:693  [TID 12768   ][INFO      ] Default Logger initialized [dmvcframework]
2023-08-12 04:45:56:714  [TID 12768   ][INFO      ] ENTER: Config default values [dmvcframework]
2023-08-12 04:45:56:714  [TID 12768   ][INFO      ] EXIT: Config default values [dmvcframework]
2023-08-12 04:45:56:714  [TID 12768   ][INFO      ] >> Custom configuration method [dmvcframework]
2023-08-12 04:45:56:714  [TID 12768   ][INFO      ] << Custom configuration method [dmvcframework]
2023-08-12 04:45:56:715  [TID 12768   ][INFO      ] ENTER: LoadSystemControllers [dmvcframework]
2023-08-12 04:45:56:715  [TID 12768   ][INFO      ] EXIT: LoadSystemControllers [dmvcframework]
2023-08-12 04:45:56:737  [TID 12768   ][INFO      ] GET:/api/books [0:0:0:0:0:0:0:1] -> {NOT FOUND} - 404 Not Found [dmvcframework]
2023-08-12 04:45:56:805  [TID 12768   ][ERROR     ] [EMVCException] Not Found [PathInfo "GET /api/books"] (Custom message: "GET /api/books") [dmvcframework]
2023-08-12 04:47:52:010  [TID 4624    ][INFO      ] Default Logger initialized [dmvcframework]
2023-08-12 04:47:52:010  [TID 4624    ][INFO      ] ENTER: Config default values [dmvcframework]
2023-08-12 04:47:52:010  [TID 4624    ][INFO      ] EXIT: Config default values [dmvcframework]
2023-08-12 04:47:52:010  [TID 4624    ][INFO      ] >> Custom configuration method [dmvcframework]
2023-08-12 04:47:52:010  [TID 4624    ][INFO      ] << Custom configuration method [dmvcframework]
2023-08-12 04:47:52:025  [TID 4624    ][INFO      ] ENTER: LoadSystemControllers [dmvcframework]
2023-08-12 04:47:52:025  [TID 4624    ][INFO      ] EXIT: LoadSystemControllers [dmvcframework]
2023-08-12 04:47:52:037  [TID 4624    ][INFO      ] GET:/api/books [0:0:0:0:0:0:0:1] -> {NOT FOUND} - 404 Not Found [dmvcframework]
2023-08-12 04:47:52:095  [TID 4624    ][ERROR     ] [EMVCException] Not Found [PathInfo "GET /api/books"] (Custom message: "GET /api/books") [dmvcframework]
2023-08-12 04:48:13:732  [TID 5664    ][INFO      ] Default Logger initialized [dmvcframework]
2023-08-12 04:48:13:732  [TID 5664    ][INFO      ] ENTER: Config default values [dmvcframework]
2023-08-12 04:48:13:732  [TID 5664    ][INFO      ] EXIT: Config default values [dmvcframework]
2023-08-12 04:48:13:732  [TID 5664    ][INFO      ] >> Custom configuration method [dmvcframework]
2023-08-12 04:48:13:732  [TID 5664    ][INFO      ] << Custom configuration method [dmvcframework]
2023-08-12 04:48:13:732  [TID 5664    ][INFO      ] ENTER: LoadSystemControllers [dmvcframework]
2023-08-12 04:48:13:732  [TID 5664    ][INFO      ] EXIT: LoadSystemControllers [dmvcframework]
2023-08-12 04:48:13:754  [TID 5664    ][INFO      ] GET:/api/books [0:0:0:0:0:0:0:1] -> {NOT FOUND} - 404 Not Found [dmvcframework]
2023-08-12 04:48:13:828  [TID 5664    ][ERROR     ] [EMVCException] Not Found [PathInfo "GET /api/books"] (Custom message: "GET /api/books") [dmvcframework]
2023-08-12 04:49:06:594  [TID 8564    ][INFO      ] Default Logger initialized [dmvcframework]
2023-08-12 04:49:06:617  [TID 8564    ][INFO      ] ENTER: Config default values [dmvcframework]
2023-08-12 04:49:06:617  [TID 8564    ][INFO      ] EXIT: Config default values [dmvcframework]
2023-08-12 04:49:06:617  [TID 8564    ][INFO      ] >> Custom configuration method [dmvcframework]
2023-08-12 04:49:06:617  [TID 8564    ][INFO      ] << Custom configuration method [dmvcframework]
2023-08-12 04:49:06:617  [TID 8564    ][INFO      ] ENTER: LoadSystemControllers [dmvcframework]
2023-08-12 04:49:06:617  [TID 8564    ][INFO      ] EXIT: LoadSystemControllers [dmvcframework]
2023-08-12 04:49:06:636  [TID 8564    ][INFO      ] GET:/api/books [0:0:0:0:0:0:0:1] -> {NOT FOUND} - 404 Not Found [dmvcframework]
2023-08-12 04:49:06:694  [TID 8564    ][ERROR     ] [EMVCException] Not Found [PathInfo "GET /api/books"] (Custom message: "GET /api/books") [dmvcframework]
2023-08-12 04:49:08:157  [TID 12260   ][INFO      ] GET:/api/books [0:0:0:0:0:0:0:1] -> {NOT FOUND} - 404 Not Found [dmvcframework]
2023-08-12 04:49:08:162  [TID 12260   ][ERROR     ] [EMVCException] Not Found [PathInfo "GET /api/books"] (Custom message: "GET /api/books") [dmvcframework]
2023-08-12 04:49:11:104  [TID 3484    ][INFO      ] GET:/api/books [0:0:0:0:0:0:0:1] -> {NOT FOUND} - 404 Not Found [dmvcframework]
2023-08-12 04:49:11:110  [TID 3484    ][ERROR     ] [EMVCException] Not Found [PathInfo "GET /api/books"] (Custom message: "GET /api/books") [dmvcframework]
2023-08-12 04:49:13:351  [TID 12764   ][INFO      ] GET:/api/books [0:0:0:0:0:0:0:1] -> {NOT FOUND} - 404 Not Found [dmvcframework]
2023-08-12 04:49:13:354  [TID 12764   ][ERROR     ] [EMVCException] Not Found [PathInfo "GET /api/books"] (Custom message: "GET /api/books") [dmvcframework]
2023-08-12 04:49:18:279  [TID 8820    ][INFO      ] GET:/api/ [0:0:0:0:0:0:0:1] -> {NOT FOUND} - 404 Not Found [dmvcframework]
2023-08-12 04:49:18:281  [TID 8820    ][ERROR     ] [EMVCException] Not Found [PathInfo "GET /api/"] (Custom message: "GET /api/") [dmvcframework]
2023-08-12 04:51:09:938  [TID 12508   ][INFO      ] Default Logger initialized [dmvcframework]
2023-08-12 04:51:09:953  [TID 12508   ][INFO      ] ENTER: Config default values [dmvcframework]
2023-08-12 04:51:09:953  [TID 12508   ][INFO      ] EXIT: Config default values [dmvcframework]
2023-08-12 04:51:09:953  [TID 12508   ][INFO      ] >> Custom configuration method [dmvcframework]
2023-08-12 04:51:09:953  [TID 12508   ][INFO      ] << Custom configuration method [dmvcframework]
2023-08-12 04:51:09:953  [TID 12508   ][INFO      ] ENTER: LoadSystemControllers [dmvcframework]
2023-08-12 04:51:09:953  [TID 12508   ][INFO      ] EXIT: LoadSystemControllers [dmvcframework]
2023-08-12 04:51:09:979  [TID 12508   ][INFO      ] GET:/api/ [0:0:0:0:0:0:0:1] -> {NOT FOUND} - 404 Not Found [dmvcframework]
2023-08-12 04:51:10:039  [TID 12508   ][ERROR     ] [EMVCException] Not Found [PathInfo "GET /api/"] (Custom message: "GET /api/") [dmvcframework]
2023-08-12 04:51:15:256  [TID 12784   ][INFO      ] GET:/api/books [0:0:0:0:0:0:0:1] -> {NOT FOUND} - 404 Not Found [dmvcframework]
2023-08-12 04:51:15:260  [TID 12784   ][ERROR     ] [EMVCException] Not Found [PathInfo "GET /api/books"] (Custom message: "GET /api/books") [dmvcframework]
2023-08-12 04:51:22:270  [TID 11204   ][INFO      ] GET:/api/api/books [0:0:0:0:0:0:0:1] -> {NOT FOUND} - 404 Not Found [dmvcframework]
2023-08-12 04:51:22:272  [TID 11204   ][ERROR     ] [EMVCException] Not Found [PathInfo "GET /api/api/books"] (Custom message: "GET /api/api/books") [dmvcframework]
2023-08-12 04:51:29:372  [TID 1232    ][INFO      ] GET:/api/books [0:0:0:0:0:0:0:1] -> {NOT FOUND} - 404 Not Found [dmvcframework]
2023-08-12 04:51:29:375  [TID 1232    ][ERROR     ] [EMVCException] Not Found [PathInfo "GET /api/books"] (Custom message: "GET /api/books") [dmvcframework]
2023-08-12 04:52:28:457  [TID 1340    ][INFO      ] Default Logger initialized [dmvcframework]
2023-08-12 04:52:28:457  [TID 1340    ][INFO      ] ENTER: Config default values [dmvcframework]
2023-08-12 04:52:28:472  [TID 1340    ][INFO      ] EXIT: Config default values [dmvcframework]
2023-08-12 04:52:28:472  [TID 1340    ][INFO      ] >> Custom configuration method [dmvcframework]
2023-08-12 04:52:28:472  [TID 1340    ][INFO      ] << Custom configuration method [dmvcframework]
2023-08-12 04:52:28:472  [TID 1340    ][INFO      ] ENTER: LoadSystemControllers [dmvcframework]
2023-08-12 04:52:28:472  [TID 1340    ][INFO      ] EXIT: LoadSystemControllers [dmvcframework]
2023-08-12 04:52:28:489  [TID 1340    ][INFO      ] GET:/api/books [0:0:0:0:0:0:0:1] -> {NOT FOUND} - 404 Not Found [dmvcframework]
2023-08-12 04:52:28:551  [TID 1340    ][ERROR     ] [EMVCException] Not Found [PathInfo "GET /api/books"] (Custom message: "GET /api/books") [dmvcframework]
2023-08-12 04:52:50:817  [TID 12716   ][INFO      ] Default Logger initialized [dmvcframework]
2023-08-12 04:52:50:817  [TID 12716   ][INFO      ] ENTER: Config default values [dmvcframework]
2023-08-12 04:52:50:835  [TID 12716   ][INFO      ] EXIT: Config default values [dmvcframework]
2023-08-12 04:52:50:835  [TID 12716   ][INFO      ] >> Custom configuration method [dmvcframework]
2023-08-12 04:52:50:835  [TID 12716   ][INFO      ] << Custom configuration method [dmvcframework]
2023-08-12 04:52:50:835  [TID 12716   ][INFO      ] ENTER: LoadSystemControllers [dmvcframework]
2023-08-12 04:52:50:835  [TID 12716   ][INFO      ] EXIT: LoadSystemControllers [dmvcframework]
2023-08-12 04:53:37:831  [TID 12716   ][INFO      ] GET:/api/books [0:0:0:0:0:0:0:1] -> {NOT FOUND} - 404 Not Found [dmvcframework]
2023-08-12 04:53:44:424  [TID 12716   ][ERROR     ] [EMVCException] Not Found [PathInfo "GET /api/books"] (Custom message: "GET /api/books") [dmvcframework]
2023-08-12 04:56:49:853  [TID 9300    ][INFO      ] Default Logger initialized [dmvcframework]
2023-08-12 04:56:49:868  [TID 9300    ][INFO      ] ENTER: Config default values [dmvcframework]
2023-08-12 04:56:49:868  [TID 9300    ][INFO      ] EXIT: Config default values [dmvcframework]
2023-08-12 04:56:49:868  [TID 9300    ][INFO      ] >> Custom configuration method [dmvcframework]
2023-08-12 04:56:49:868  [TID 9300    ][INFO      ] << Custom configuration method [dmvcframework]
2023-08-12 04:57:13:734  [TID 11340   ][INFO      ] Default Logger initialized [dmvcframework]
2023-08-12 04:57:13:734  [TID 11340   ][INFO      ] ENTER: Config default values [dmvcframework]
2023-08-12 04:57:13:734  [TID 11340   ][INFO      ] EXIT: Config default values [dmvcframework]
2023-08-12 04:57:13:734  [TID 11340   ][INFO      ] >> Custom configuration method [dmvcframework]
2023-08-12 04:57:13:734  [TID 11340   ][INFO      ] << Custom configuration method [dmvcframework]
2023-08-12 04:57:13:765  [TID 11340   ][INFO      ] GET:/api/books [0:0:0:0:0:0:0:1] -> {NOT FOUND} - 404 Not Found [dmvcframework]
2023-08-12 04:57:13:822  [TID 11340   ][ERROR     ] [EMVCException] Not Found [PathInfo "GET /api/books"] (Custom message: "GET /api/books") [dmvcframework]
2023-08-12 04:58:01:514  [TID 2124    ][INFO      ] Default Logger initialized [dmvcframework]
2023-08-12 04:58:01:514  [TID 2124    ][INFO      ] ENTER: Config default values [dmvcframework]
2023-08-12 04:58:01:526  [TID 2124    ][INFO      ] EXIT: Config default values [dmvcframework]
2023-08-12 04:58:01:526  [TID 2124    ][INFO      ] >> Custom configuration method [dmvcframework]
2023-08-12 04:58:01:526  [TID 2124    ][INFO      ] << Custom configuration method [dmvcframework]
2023-08-12 04:58:01:606  [TID 2124    ][INFO      ] GET:/api/books [0:0:0:0:0:0:0:1] -> {NOT FOUND} - 404 Not Found [dmvcframework]
2023-08-12 04:58:01:608  [TID 2124    ][ERROR     ] [EMVCException] Not Found [PathInfo "GET /api/books"] (Custom message: "GET /api/books") [dmvcframework]
2023-08-12 04:58:03:085  [TID 12164   ][INFO      ] GET:/api/books [0:0:0:0:0:0:0:1] -> {NOT FOUND} - 404 Not Found [dmvcframework]
2023-08-12 04:58:03:088  [TID 12164   ][ERROR     ] [EMVCException] Not Found [PathInfo "GET /api/books"] (Custom message: "GET /api/books") [dmvcframework]
2023-08-12 04:58:46:542  [TID 9636    ][INFO      ] Default Logger initialized [dmvcframework]
2023-08-12 04:58:46:557  [TID 9636    ][INFO      ] ENTER: Config default values [dmvcframework]
2023-08-12 04:58:46:557  [TID 9636    ][INFO      ] EXIT: Config default values [dmvcframework]
2023-08-12 04:58:46:557  [TID 9636    ][INFO      ] >> Custom configuration method [dmvcframework]
2023-08-12 04:58:46:557  [TID 9636    ][INFO      ] << Custom configuration method [dmvcframework]
2023-08-12 04:58:46:627  [TID 9636    ][INFO      ] GET:/api/books [0:0:0:0:0:0:0:1] -> {NOT FOUND} - 404 Not Found [dmvcframework]
2023-08-12 04:58:46:629  [TID 9636    ][ERROR     ] [EMVCException] Not Found [PathInfo "GET /api/books"] (Custom message: "GET /api/books") [dmvcframework]
2023-08-12 04:58:48:065  [TID 3096    ][INFO      ] GET:/api/books [0:0:0:0:0:0:0:1] -> {NOT FOUND} - 404 Not Found [dmvcframework]
2023-08-12 04:58:48:070  [TID 3096    ][ERROR     ] [EMVCException] Not Found [PathInfo "GET /api/books"] (Custom message: "GET /api/books") [dmvcframework]
2023-08-12 05:00:14:374  [TID 8780    ][INFO      ] Default Logger initialized [dmvcframework]
2023-08-12 05:00:14:374  [TID 8780    ][INFO      ] ENTER: Config default values [dmvcframework]
2023-08-12 05:00:14:374  [TID 8780    ][INFO      ] EXIT: Config default values [dmvcframework]
2023-08-12 05:00:14:374  [TID 8780    ][INFO      ] >> Custom configuration method [dmvcframework]
2023-08-12 05:00:14:374  [TID 8780    ][INFO      ] << Custom configuration method [dmvcframework]
2023-08-12 05:00:14:558  [TID 8780    ][INFO      ] GET:/api/books [0:0:0:0:0:0:0:1] -> BookController.TBookController.GetBooks - 200 OK [dmvcframework]
2023-08-12 05:00:21:368  [TID 8780    ][INFO      ] POST:/api/books [0:0:0:0:0:0:0:1] -> BookController.TBookController.CreateBook - 400 Bad Request [dmvcframework]
2023-08-12 05:01:05:953  [TID 8780    ][INFO      ] POST:/api/books [0:0:0:0:0:0:0:1] -> BookController.TBookController.CreateBook - 400 Bad Request [dmvcframework]
2023-08-12 05:01:07:897  [TID 8780    ][INFO      ] POST:/api/books [0:0:0:0:0:0:0:1] -> BookController.TBookController.CreateBook - 400 Bad Request [dmvcframework]
2023-08-12 05:01:16:856  [TID 8780    ][INFO      ] POST:/api/books [0:0:0:0:0:0:0:1] -> BookController.TBookController.CreateBook - 400 Bad Request [dmvcframework]
2023-08-12 05:01:28:927  [TID 8780    ][INFO      ] POST:/api/books [0:0:0:0:0:0:0:1] -> BookController.TBookController.CreateBook - 400 Bad Request [dmvcframework]
2023-08-12 05:01:56:437  [TID 8780    ][INFO      ] POST:/api/books [0:0:0:0:0:0:0:1] -> BookController.TBookController.CreateBook - 400 Bad Request [dmvcframework]
2023-08-12 05:02:35:252  [TID 8780    ][INFO      ] POST:/api/books [0:0:0:0:0:0:0:1] -> BookController.TBookController.CreateBook - 400 Bad Request [dmvcframework]
2023-08-12 05:02:49:965  [TID 11996   ][INFO      ] Default Logger initialized [dmvcframework]
2023-08-12 05:02:49:965  [TID 11996   ][INFO      ] ENTER: Config default values [dmvcframework]
2023-08-12 05:02:49:965  [TID 11996   ][INFO      ] EXIT: Config default values [dmvcframework]
2023-08-12 05:02:49:965  [TID 11996   ][INFO      ] >> Custom configuration method [dmvcframework]
2023-08-12 05:02:49:965  [TID 11996   ][INFO      ] << Custom configuration method [dmvcframework]
2023-08-12 05:02:50:066  [TID 11996   ][INFO      ] POST:/api/books [0:0:0:0:0:0:0:1] -> BookController.TBookController.CreateBook - 400 Bad Request [dmvcframework]
2023-08-12 05:06:21:366  [TID 5996    ][INFO      ] Default Logger initialized [dmvcframework]
2023-08-12 05:06:21:366  [TID 5996    ][INFO      ] ENTER: Config default values [dmvcframework]
2023-08-12 05:06:21:366  [TID 5996    ][INFO      ] EXIT: Config default values [dmvcframework]
2023-08-12 05:06:21:366  [TID 5996    ][INFO      ] >> Custom configuration method [dmvcframework]
2023-08-12 05:06:21:366  [TID 5996    ][INFO      ] << Custom configuration method [dmvcframework]
2023-08-12 05:06:21:461  [TID 5996    ][INFO      ]  [dmvcframework]
2023-08-12 05:06:21:461  [TID 5996    ][INFO      ]  [dmvcframework]
2023-08-12 05:06:21:461  [TID 5996    ][INFO      ] POST:/api/books [0:0:0:0:0:0:0:1] -> BookController.TBookController.CreateBook - 400 Bad Request [dmvcframework]
2023-08-12 05:06:35:028  [TID 5996    ][INFO      ]  [dmvcframework]
2023-08-12 05:06:35:028  [TID 5996    ][INFO      ]  [dmvcframework]
2023-08-12 05:06:35:028  [TID 5996    ][INFO      ] POST:/api/books [0:0:0:0:0:0:0:1] -> BookController.TBookController.CreateBook - 400 Bad Request [dmvcframework]
2023-08-12 05:06:40:427  [TID 5996    ][INFO      ]  [dmvcframework]
2023-08-12 05:06:40:427  [TID 5996    ][INFO      ]  [dmvcframework]
2023-08-12 05:06:40:427  [TID 5996    ][INFO      ] POST:/api/books [0:0:0:0:0:0:0:1] -> BookController.TBookController.CreateBook - 400 Bad Request [dmvcframework]
2023-08-12 05:07:08:086  [TID 2548    ][INFO      ] Default Logger initialized [dmvcframework]
2023-08-12 05:07:08:102  [TID 2548    ][INFO      ] ENTER: Config default values [dmvcframework]
2023-08-12 05:07:08:102  [TID 2548    ][INFO      ] EXIT: Config default values [dmvcframework]
2023-08-12 05:07:08:102  [TID 2548    ][INFO      ] >> Custom configuration method [dmvcframework]
2023-08-12 05:07:08:102  [TID 2548    ][INFO      ] << Custom configuration method [dmvcframework]
2023-08-12 05:07:08:182  [TID 2548    ][INFO      ] Title:  [dmvcframework]
2023-08-12 05:07:08:182  [TID 2548    ][INFO      ]  [dmvcframework]
2023-08-12 05:07:08:182  [TID 2548    ][INFO      ] POST:/api/books [0:0:0:0:0:0:0:1] -> BookController.TBookController.CreateBook - 400 Bad Request [dmvcframework]
2023-08-12 05:07:09:716  [TID 2548    ][INFO      ] Title:  [dmvcframework]
2023-08-12 05:07:09:716  [TID 2548    ][INFO      ]  [dmvcframework]
2023-08-12 05:07:09:716  [TID 2548    ][INFO      ] POST:/api/books [0:0:0:0:0:0:0:1] -> BookController.TBookController.CreateBook - 400 Bad Request [dmvcframework]
2023-08-12 05:07:10:634  [TID 2548    ][INFO      ] Title:  [dmvcframework]
2023-08-12 05:07:10:634  [TID 2548    ][INFO      ]  [dmvcframework]
2023-08-12 05:07:10:635  [TID 2548    ][INFO      ] POST:/api/books [0:0:0:0:0:0:0:1] -> BookController.TBookController.CreateBook - 400 Bad Request [dmvcframework]
2023-08-12 05:07:12:513  [TID 2548    ][INFO      ] Title:  [dmvcframework]
2023-08-12 05:07:12:513  [TID 2548    ][INFO      ]  [dmvcframework]
2023-08-12 05:07:12:513  [TID 2548    ][INFO      ] POST:/api/books [0:0:0:0:0:0:0:1] -> BookController.TBookController.CreateBook - 400 Bad Request [dmvcframework]
2023-08-12 05:07:50:021  [TID 7688    ][INFO      ] Default Logger initialized [dmvcframework]
2023-08-12 05:07:50:021  [TID 7688    ][INFO      ] ENTER: Config default values [dmvcframework]
2023-08-12 05:07:50:021  [TID 7688    ][INFO      ] EXIT: Config default values [dmvcframework]
2023-08-12 05:07:50:021  [TID 7688    ][INFO      ] >> Custom configuration method [dmvcframework]
2023-08-12 05:07:50:021  [TID 7688    ][INFO      ] << Custom configuration method [dmvcframework]
2023-08-12 05:07:50:025  [TID 7688    ][INFO      ] Title:  [dmvcframework]
2023-08-12 05:07:50:025  [TID 7688    ][INFO      ]  [dmvcframework]
2023-08-12 05:07:50:025  [TID 7688    ][INFO      ] POST:/api/books [0:0:0:0:0:0:0:1] -> BookController.TBookController.CreateBook - 400 Bad Request [dmvcframework]
2023-08-12 05:07:51:798  [TID 7688    ][INFO      ] Title:  [dmvcframework]
2023-08-12 05:07:51:798  [TID 7688    ][INFO      ]  [dmvcframework]
2023-08-12 05:07:51:798  [TID 7688    ][INFO      ] POST:/api/books [0:0:0:0:0:0:0:1] -> BookController.TBookController.CreateBook - 400 Bad Request [dmvcframework]
2023-08-12 05:30:32:192  [TID 6808    ][INFO      ] Default Logger initialized [dmvcframework]
2023-08-12 05:30:32:192  [TID 6808    ][INFO      ] ENTER: Config default values [dmvcframework]
2023-08-12 05:30:32:208  [TID 6808    ][INFO      ] EXIT: Config default values [dmvcframework]
2023-08-12 05:30:32:208  [TID 6808    ][INFO      ] >> Custom configuration method [dmvcframework]
2023-08-12 05:30:32:208  [TID 6808    ][INFO      ] << Custom configuration method [dmvcframework]
2023-08-12 05:31:56:288  [TID 7956    ][INFO      ] Default Logger initialized [dmvcframework]
2023-08-12 05:31:56:288  [TID 7956    ][INFO      ] ENTER: Config default values [dmvcframework]
2023-08-12 05:31:56:304  [TID 7956    ][INFO      ] EXIT: Config default values [dmvcframework]
2023-08-12 05:31:56:304  [TID 7956    ][INFO      ] >> Custom configuration method [dmvcframework]
2023-08-12 05:31:56:304  [TID 7956    ][INFO      ] << Custom configuration method [dmvcframework]
2023-08-12 05:32:33:842  [TID 7956    ][INFO      ] POST:/api/books [0:0:0:0:0:0:0:1] -> BookController.TBookController.CreateBook - 201 Created [dmvcframework]
2023-08-12 05:32:58:846  [TID 3000    ][INFO      ] Default Logger initialized [dmvcframework]
2023-08-12 05:32:58:846  [TID 3000    ][INFO      ] ENTER: Config default values [dmvcframework]
2023-08-12 05:32:58:846  [TID 3000    ][INFO      ] EXIT: Config default values [dmvcframework]
2023-08-12 05:32:58:846  [TID 3000    ][INFO      ] >> Custom configuration method [dmvcframework]
2023-08-12 05:32:58:846  [TID 3000    ][INFO      ] << Custom configuration method [dmvcframework]
2023-08-12 05:32:59:009  [TID 3000    ][INFO      ] POST:/api/books [0:0:0:0:0:0:0:1] -> BookController.TBookController.CreateBook - 201 Created [dmvcframework]
2023-08-12 05:33:06:049  [TID 3000    ][INFO      ] GET:/api/books [0:0:0:0:0:0:0:1] -> BookController.TBookController.GetBooks - 200 OK [dmvcframework]
2023-08-13 20:32:21:820  [TID 2864    ][INFO      ] Default Logger initialized [dmvcframework]
2023-08-13 20:32:21:820  [TID 2864    ][INFO      ] ENTER: Config default values [dmvcframework]
2023-08-13 20:32:21:820  [TID 2864    ][INFO      ] EXIT: Config default values [dmvcframework]
2023-08-13 20:32:21:820  [TID 2864    ][INFO      ] >> Custom configuration method [dmvcframework]
2023-08-13 20:32:21:820  [TID 2864    ][INFO      ] << Custom configuration method [dmvcframework]
2023-08-13 20:32:21:978  [TID 2864    ][ERROR     ] [EEncodingError] No mapping for the Unicode character exists in the target multi-byte code page [PathInfo "POST /api/books/upload"] (Custom message: "Global Action Exception Handler") [dmvcframework]
2023-08-13 20:34:25:802  [TID 13840   ][INFO      ] Default Logger initialized [dmvcframework]
2023-08-13 20:34:25:802  [TID 13840   ][INFO      ] ENTER: Config default values [dmvcframework]
2023-08-13 20:34:25:802  [TID 13840   ][INFO      ] EXIT: Config default values [dmvcframework]
2023-08-13 20:34:25:802  [TID 13840   ][INFO      ] >> Custom configuration method [dmvcframework]
2023-08-13 20:34:25:810  [TID 13840   ][INFO      ] << Custom configuration method [dmvcframework]
2023-08-13 20:34:25:932  [TID 13840   ][ERROR     ] [EEncodingError] No mapping for the Unicode character exists in the target multi-byte code page [PathInfo "POST /api/books/upload"] (Custom message: "Global Action Exception Handler") [dmvcframework]
2023-08-13 20:35:11:635  [TID 5328    ][INFO      ] Default Logger initialized [dmvcframework]
2023-08-13 20:35:11:657  [TID 5328    ][INFO      ] ENTER: Config default values [dmvcframework]
2023-08-13 20:35:11:657  [TID 5328    ][INFO      ] EXIT: Config default values [dmvcframework]
2023-08-13 20:35:11:657  [TID 5328    ][INFO      ] >> Custom configuration method [dmvcframework]
2023-08-13 20:35:11:657  [TID 5328    ][INFO      ] << Custom configuration method [dmvcframework]
2023-08-13 20:35:11:828  [TID 5328    ][ERROR     ] [ERangeError] Range check error [PathInfo "POST /api/books/upload"] (Custom message: "Global Action Exception Handler") [dmvcframework]
2023-08-13 20:38:10:082  [TID 5328    ][ERROR     ] [ERangeError] Range check error [PathInfo "POST /api/books/upload"] (Custom message: "Global Action Exception Handler") [dmvcframework]
2023-08-13 20:38:33:415  [TID 14076   ][INFO      ] Default Logger initialized [dmvcframework]
2023-08-13 20:38:33:415  [TID 14076   ][INFO      ] ENTER: Config default values [dmvcframework]
2023-08-13 20:38:33:415  [TID 14076   ][INFO      ] EXIT: Config default values [dmvcframework]
2023-08-13 20:38:33:415  [TID 14076   ][INFO      ] >> Custom configuration method [dmvcframework]
2023-08-13 20:38:33:425  [TID 14076   ][INFO      ] << Custom configuration method [dmvcframework]
2023-08-13 20:38:33:589  [TID 14076   ][ERROR     ] [ERangeError] Range check error [PathInfo "POST /api/books/upload"] (Custom message: "Global Action Exception Handler") [dmvcframework]
2023-08-13 20:59:22:948  [TID 1200    ][INFO      ] Default Logger initialized [dmvcframework]
2023-08-13 20:59:22:948  [TID 1200    ][INFO      ] ENTER: Config default values [dmvcframework]
2023-08-13 20:59:22:970  [TID 1200    ][INFO      ] EXIT: Config default values [dmvcframework]
2023-08-13 20:59:22:970  [TID 1200    ][INFO      ] >> Custom configuration method [dmvcframework]
2023-08-13 20:59:22:970  [TID 1200    ][INFO      ] << Custom configuration method [dmvcframework]
2023-08-13 20:59:23:065  [TID 1200    ][INFO      ] POST:/api/books/upload [0:0:0:0:0:0:0:1] -> BookController.TBookController.UploadImage - 400 Bad Request [dmvcframework]
2023-08-13 20:59:47:278  [TID 1200    ][INFO      ] POST:/api/books/upload [0:0:0:0:0:0:0:1] -> BookController.TBookController.UploadImage - 400 Bad Request [dmvcframework]
2023-08-13 21:00:29:338  [TID 1200    ][ERROR     ] [EFOpenError] Cannot open file "C:\Users\Emmy-chwaan\Documents\GitHub\internet_bookstore\Win32\Debug\tote.png". The system cannot find the file specified [PathInfo "POST /api/books/upload"] (Custom message: "Global Action Exception Handler") [dmvcframework]
2023-08-13 21:00:46:529  [TID 1200    ][ERROR     ] [EFOpenError] Cannot open file "C:\Users\Emmy-chwaan\Documents\GitHub\internet_bookstore\Win32\Debug\phoebe.jpg". The system cannot find the file specified [PathInfo "POST /api/books/upload"] (Custom message: "Global Action Exception Handler") [dmvcframework]
2023-08-13 22:02:04:909  [TID 4376    ][INFO      ] Default Logger initialized [dmvcframework]
2023-08-13 22:02:04:909  [TID 4376    ][INFO      ] ENTER: Config default values [dmvcframework]
2023-08-13 22:02:04:909  [TID 4376    ][INFO      ] EXIT: Config default values [dmvcframework]
2023-08-13 22:02:04:909  [TID 4376    ][INFO      ] >> Custom configuration method [dmvcframework]
2023-08-13 22:02:04:924  [TID 4376    ][INFO      ] << Custom configuration method [dmvcframework]
2023-08-13 22:02:05:136  [TID 4376    ][ERROR     ] [EFOpenError] Cannot open file "C:\Users\Emmy-chwaan\Documents\GitHub\internet_bookstore\Win32\Debug\phoebe.jpg". The system cannot find the file specified [PathInfo "POST /api/books/upload"] (Custom message: "Global Action Exception Handler") [dmvcframework]
2023-08-13 22:03:03:189  [TID 13984   ][INFO      ] Default Logger initialized [dmvcframework]
2023-08-13 22:03:03:189  [TID 13984   ][INFO      ] ENTER: Config default values [dmvcframework]
2023-08-13 22:03:03:189  [TID 13984   ][INFO      ] EXIT: Config default values [dmvcframework]
2023-08-13 22:03:03:189  [TID 13984   ][INFO      ] >> Custom configuration method [dmvcframework]
2023-08-13 22:03:03:189  [TID 13984   ][INFO      ] << Custom configuration method [dmvcframework]
2023-08-13 22:03:03:268  [TID 13984   ][INFO      ] POST:/api/books/upload [0:0:0:0:0:0:0:1] -> BookController.TBookController.UploadImage - 200 OK [dmvcframework]
2023-08-13 22:03:20:587  [TID 10528   ][INFO      ] Default Logger initialized [dmvcframework]
2023-08-13 22:03:20:587  [TID 10528   ][INFO      ] ENTER: Config default values [dmvcframework]
2023-08-13 22:03:20:587  [TID 10528   ][INFO      ] EXIT: Config default values [dmvcframework]
2023-08-13 22:03:20:587  [TID 10528   ][INFO      ] >> Custom configuration method [dmvcframework]
2023-08-13 22:03:20:587  [TID 10528   ][INFO      ] << Custom configuration method [dmvcframework]
2023-08-13 22:03:20:664  [TID 10528   ][INFO      ] POST:/api/books/upload [0:0:0:0:0:0:0:1] -> BookController.TBookController.UploadImage - 200 OK [dmvcframework]
2023-08-13 22:03:37:835  [TID 13976   ][INFO      ] Default Logger initialized [dmvcframework]
2023-08-13 22:03:37:835  [TID 13976   ][INFO      ] ENTER: Config default values [dmvcframework]
2023-08-13 22:03:37:835  [TID 13976   ][INFO      ] EXIT: Config default values [dmvcframework]
2023-08-13 22:03:37:835  [TID 13976   ][INFO      ] >> Custom configuration method [dmvcframework]
2023-08-13 22:03:37:835  [TID 13976   ][INFO      ] << Custom configuration method [dmvcframework]
2023-08-13 22:03:37:993  [TID 13976   ][ERROR     ] [EEncodingError] No mapping for the Unicode character exists in the target multi-byte code page [PathInfo "POST /api/books/upload"] (Custom message: "Global Action Exception Handler") [dmvcframework]
2023-08-13 22:04:13:248  [TID 2020    ][INFO      ] Default Logger initialized [dmvcframework]
2023-08-13 22:04:13:248  [TID 2020    ][INFO      ] ENTER: Config default values [dmvcframework]
2023-08-13 22:04:13:248  [TID 2020    ][INFO      ] EXIT: Config default values [dmvcframework]
2023-08-13 22:04:13:248  [TID 2020    ][INFO      ] >> Custom configuration method [dmvcframework]
2023-08-13 22:04:13:259  [TID 2020    ][INFO      ] << Custom configuration method [dmvcframework]
2023-08-13 22:04:13:371  [TID 2020    ][INFO      ] POST:/api/books/upload [0:0:0:0:0:0:0:1] -> BookController.TBookController.UploadImage - 200 OK [dmvcframework]
2023-08-13 22:04:56:083  [TID 4444    ][INFO      ] Default Logger initialized [dmvcframework]
2023-08-13 22:04:56:083  [TID 4444    ][INFO      ] ENTER: Config default values [dmvcframework]
2023-08-13 22:04:56:083  [TID 4444    ][INFO      ] EXIT: Config default values [dmvcframework]
2023-08-13 22:04:56:083  [TID 4444    ][INFO      ] >> Custom configuration method [dmvcframework]
2023-08-13 22:04:56:083  [TID 4444    ][INFO      ] << Custom configuration method [dmvcframework]
2023-08-13 22:04:56:257  [TID 4444    ][ERROR     ] [EFOpenError] Cannot open file "C:\Users\Emmy-chwaan\Documents\GitHub\internet_bookstore\Win32\Debug\phoebe.jpg". The system cannot find the file specified [PathInfo "POST /api/books/upload"] (Custom message: "Global Action Exception Handler") [dmvcframework]
2023-08-13 22:06:27:422  [TID 13776   ][INFO      ] Default Logger initialized [dmvcframework]
2023-08-13 22:06:27:422  [TID 13776   ][INFO      ] ENTER: Config default values [dmvcframework]
2023-08-13 22:06:27:422  [TID 13776   ][INFO      ] EXIT: Config default values [dmvcframework]
2023-08-13 22:06:27:422  [TID 13776   ][INFO      ] >> Custom configuration method [dmvcframework]
2023-08-13 22:06:27:422  [TID 13776   ][INFO      ] << Custom configuration method [dmvcframework]
2023-08-13 22:07:48:914  [TID 13776   ][ERROR     ] [EFOpenError] Cannot open file "C:\Users\Emmy-chwaan\Documents\GitHub\internet_bookstore\Win32\Debug\phoebe.jpg". The system cannot find the file specified [PathInfo "POST /api/books/upload"] (Custom message: "Global Action Exception Handler") [dmvcframework]
2023-08-13 22:12:49:107  [TID 12128   ][INFO      ] Default Logger initialized [dmvcframework]
2023-08-13 22:12:49:117  [TID 12128   ][INFO      ] ENTER: Config default values [dmvcframework]
2023-08-13 22:12:49:117  [TID 12128   ][INFO      ] EXIT: Config default values [dmvcframework]
2023-08-13 22:12:49:117  [TID 12128   ][INFO      ] >> Custom configuration method [dmvcframework]
2023-08-13 22:12:49:117  [TID 12128   ][INFO      ] << Custom configuration method [dmvcframework]
2023-08-13 22:12:51:673  [TID 12128   ][INFO      ] POST:/api/books/upload [0:0:0:0:0:0:0:1] -> BookController.TBookController.UploadImage - 500 Internal Server Error [dmvcframework]
2023-08-13 22:20:55:663  [TID 10244   ][INFO      ] Default Logger initialized [dmvcframework]
2023-08-13 22:20:55:663  [TID 10244   ][INFO      ] ENTER: Config default values [dmvcframework]
2023-08-13 22:20:55:663  [TID 10244   ][INFO      ] EXIT: Config default values [dmvcframework]
2023-08-13 22:20:55:663  [TID 10244   ][INFO      ] >> Custom configuration method [dmvcframework]
2023-08-13 22:20:55:663  [TID 10244   ][INFO      ] << Custom configuration method [dmvcframework]
2023-08-13 22:20:58:271  [TID 10244   ][INFO      ] POST:/api/books/upload [0:0:0:0:0:0:0:1] -> BookController.TBookController.UploadImage - 200 OK [dmvcframework]
2023-08-13 22:25:08:561  [TID 12792   ][INFO      ] Default Logger initialized [dmvcframework]
2023-08-13 22:25:08:561  [TID 12792   ][INFO      ] ENTER: Config default values [dmvcframework]
2023-08-13 22:25:08:561  [TID 12792   ][INFO      ] EXIT: Config default values [dmvcframework]
2023-08-13 22:25:08:561  [TID 12792   ][INFO      ] >> Custom configuration method [dmvcframework]
2023-08-13 22:25:08:561  [TID 12792   ][INFO      ] << Custom configuration method [dmvcframework]
2023-08-13 22:25:08:721  [TID 12792   ][ERROR     ] [EFOpenError] Cannot open file "C:\Users\Emmy-chwaan\Documents\GitHub\internet_bookstore\Win32\Debug\tote.png". The system cannot find the file specified [PathInfo "POST /api/books/upload"] (Custom message: "Global Action Exception Handler") [dmvcframework]
2023-08-13 22:41:25:825  [TID 2956    ][INFO      ] Default Logger initialized [dmvcframework]
2023-08-13 22:41:25:825  [TID 2956    ][INFO      ] ENTER: Config default values [dmvcframework]
2023-08-13 22:41:25:825  [TID 2956    ][INFO      ] EXIT: Config default values [dmvcframework]
2023-08-13 22:41:25:825  [TID 2956    ][INFO      ] >> Custom configuration method [dmvcframework]
2023-08-13 22:41:25:825  [TID 2956    ][INFO      ] << Custom configuration method [dmvcframework]
2023-08-13 22:41:28:336  [TID 2956    ][INFO      ] POST:/api/books/upload [0:0:0:0:0:0:0:1] -> BookController.TBookController.UploadImage - 200 OK [dmvcframework]
2023-08-13 22:42:57:098  [TID 2956    ][ERROR     ] [EFOpenError] Cannot open file "C:\Users\Emmy-chwaan\Documents\GitHub\internet_bookstore\Win32\Debug\tote.png". The system cannot find the file specified [PathInfo "POST /api/books/upload"] (Custom message: "Global Action Exception Handler") [dmvcframework]
2023-08-13 22:43:09:229  [TID 2956    ][ERROR     ] [EFOpenError] Cannot open file "C:\Users\Emmy-chwaan\Documents\GitHub\internet_bookstore\Win32\Debug\2-7.jpg". The system cannot find the file specified [PathInfo "POST /api/books/upload"] (Custom message: "Global Action Exception Handler") [dmvcframework]
2023-08-13 22:48:14:746  [TID 6820    ][INFO      ] Default Logger initialized [dmvcframework]
2023-08-13 22:48:14:746  [TID 6820    ][INFO      ] ENTER: Config default values [dmvcframework]
2023-08-13 22:48:14:746  [TID 6820    ][INFO      ] EXIT: Config default values [dmvcframework]
2023-08-13 22:48:14:746  [TID 6820    ][INFO      ] >> Custom configuration method [dmvcframework]
2023-08-13 22:48:14:746  [TID 6820    ][INFO      ] << Custom configuration method [dmvcframework]
2023-08-13 22:48:14:915  [TID 6820    ][ERROR     ] [EFOpenError] Cannot open file "C:\Users\Emmy-chwaan\Documents\GitHub\internet_bookstore\Win32\Debug\". The system cannot find the path specified [PathInfo "POST /api/books/upload"] (Custom message: "Global Action Exception Handler") [dmvcframework]
2023-08-13 22:53:00:207  [TID 10788   ][INFO      ] Default Logger initialized [dmvcframework]
2023-08-13 22:53:00:208  [TID 10788   ][INFO      ] ENTER: Config default values [dmvcframework]
2023-08-13 22:53:00:208  [TID 10788   ][INFO      ] EXIT: Config default values [dmvcframework]
2023-08-13 22:53:00:208  [TID 10788   ][INFO      ] >> Custom configuration method [dmvcframework]
2023-08-13 22:53:00:208  [TID 10788   ][INFO      ] << Custom configuration method [dmvcframework]
2023-08-13 22:54:58:287  [TID 10788   ][ERROR     ] [EFOpenError] Cannot open file "C:\Users\Emmy-chwaan\Documents\GitHub\internet_bookstore\Win32\Debug\2-7.jpg". The system cannot find the file specified [PathInfo "POST /api/books/upload"] (Custom message: "Global Action Exception Handler") [dmvcframework]
2023-08-13 23:05:45:056  [TID 10372   ][INFO      ] Default Logger initialized [dmvcframework]
2023-08-13 23:05:45:056  [TID 10372   ][INFO      ] ENTER: Config default values [dmvcframework]
2023-08-13 23:05:45:056  [TID 10372   ][INFO      ] EXIT: Config default values [dmvcframework]
2023-08-13 23:05:45:056  [TID 10372   ][INFO      ] >> Custom configuration method [dmvcframework]
2023-08-13 23:05:45:056  [TID 10372   ][INFO      ] << Custom configuration method [dmvcframework]
2023-08-13 23:07:52:405  [TID 8080    ][INFO      ] Default Logger initialized [dmvcframework]
2023-08-13 23:07:52:405  [TID 8080    ][INFO      ] ENTER: Config default values [dmvcframework]
2023-08-13 23:07:52:405  [TID 8080    ][INFO      ] EXIT: Config default values [dmvcframework]
2023-08-13 23:07:52:405  [TID 8080    ][INFO      ] >> Custom configuration method [dmvcframework]
2023-08-13 23:07:52:405  [TID 8080    ][INFO      ] << Custom configuration method [dmvcframework]
2023-08-13 23:09:02:102  [TID 13328   ][INFO      ] Default Logger initialized [dmvcframework]
2023-08-13 23:09:02:102  [TID 13328   ][INFO      ] ENTER: Config default values [dmvcframework]
2023-08-13 23:09:02:102  [TID 13328   ][INFO      ] EXIT: Config default values [dmvcframework]
2023-08-13 23:09:02:102  [TID 13328   ][INFO      ] >> Custom configuration method [dmvcframework]
2023-08-13 23:09:02:102  [TID 13328   ][INFO      ] << Custom configuration method [dmvcframework]
2023-08-13 23:34:48:973  [TID 11248   ][INFO      ] Default Logger initialized [dmvcframework]
2023-08-13 23:34:48:973  [TID 11248   ][INFO      ] ENTER: Config default values [dmvcframework]
2023-08-13 23:34:48:973  [TID 11248   ][INFO      ] EXIT: Config default values [dmvcframework]
2023-08-13 23:34:48:973  [TID 11248   ][INFO      ] >> Custom configuration method [dmvcframework]
2023-08-13 23:34:48:973  [TID 11248   ][INFO      ] << Custom configuration method [dmvcframework]
2023-08-13 23:36:43:141  [TID 11248   ][ERROR     ] [EFOpenError] Cannot open file "C:\Users\Emmy-chwaan\Documents\GitHub\internet_bookstore\Win32\Debug\2-7.jpg". The system cannot find the file specified [PathInfo "POST /api/books/upload"] (Custom message: "Global Action Exception Handler") [dmvcframework]
2023-08-13 23:37:39:444  [TID 9684    ][INFO      ] Default Logger initialized [dmvcframework]
2023-08-13 23:37:39:444  [TID 9684    ][INFO      ] ENTER: Config default values [dmvcframework]
2023-08-13 23:37:39:444  [TID 9684    ][INFO      ] EXIT: Config default values [dmvcframework]
2023-08-13 23:37:39:444  [TID 9684    ][INFO      ] >> Custom configuration method [dmvcframework]
2023-08-13 23:37:39:444  [TID 9684    ][INFO      ] << Custom configuration method [dmvcframework]
2023-08-13 23:45:19:646  [TID 9832    ][INFO      ] Default Logger initialized [dmvcframework]
2023-08-13 23:45:19:646  [TID 9832    ][INFO      ] ENTER: Config default values [dmvcframework]
2023-08-13 23:45:19:656  [TID 9832    ][INFO      ] EXIT: Config default values [dmvcframework]
2023-08-13 23:45:19:656  [TID 9832    ][INFO      ] >> Custom configuration method [dmvcframework]
2023-08-13 23:45:19:656  [TID 9832    ][INFO      ] << Custom configuration method [dmvcframework]
2023-08-13 23:45:19:818  [TID 9832    ][ERROR     ] [EFOpenError] Cannot open file "C:\Users\Emmy-chwaan\Documents\GitHub\internet_bookstore\Win32\Debug\2-7.jpg". The system cannot find the file specified [PathInfo "POST /api/books/upload"] (Custom message: "Global Action Exception Handler") [dmvcframework]
2023-08-13 23:56:59:819  [TID 7992    ][INFO      ] Default Logger initialized [dmvcframework]
2023-08-13 23:56:59:819  [TID 7992    ][INFO      ] ENTER: Config default values [dmvcframework]
2023-08-13 23:56:59:819  [TID 7992    ][INFO      ] EXIT: Config default values [dmvcframework]
2023-08-13 23:56:59:819  [TID 7992    ][INFO      ] >> Custom configuration method [dmvcframework]
2023-08-13 23:56:59:819  [TID 7992    ][INFO      ] << Custom configuration method [dmvcframework]
2023-08-13 23:56:59:980  [TID 7992    ][ERROR     ] [EFOpenError] Cannot open file "C:\Users\Emmy-chwaan\Documents\GitHub\internet_bookstore\Win32\Debug\2-7.jpg". The system cannot find the file specified [PathInfo "POST /api/books/upload"] (Custom message: "Global Action Exception Handler") [dmvcframework]
2023-08-13 23:57:09:142  [TID 7992    ][ERROR     ] [EFOpenError] Cannot open file "C:\Users\Emmy-chwaan\Documents\GitHub\internet_bookstore\Win32\Debug\2-8.jpg". The system cannot find the file specified [PathInfo "POST /api/books/upload"] (Custom message: "Global Action Exception Handler") [dmvcframework]
2023-08-14 00:02:55:597  [TID 5384    ][INFO      ] Default Logger initialized [dmvcframework]
2023-08-14 00:02:55:597  [TID 5384    ][INFO      ] ENTER: Config default values [dmvcframework]
2023-08-14 00:02:55:597  [TID 5384    ][INFO      ] EXIT: Config default values [dmvcframework]
2023-08-14 00:02:55:597  [TID 5384    ][INFO      ] >> Custom configuration method [dmvcframework]
2023-08-14 00:02:55:597  [TID 5384    ][INFO      ] << Custom configuration method [dmvcframework]
2023-08-14 00:02:55:776  [TID 5384    ][ERROR     ] [EFOpenError] Cannot open file "C:\Users\Emmy-chwaan\Documents\GitHub\internet_bookstore\Win32\Debug\2-8.jpg". The system cannot find the file specified [PathInfo "POST /api/books/upload"] (Custom message: "Global Action Exception Handler") [dmvcframework]
2023-08-14 00:03:15:789  [TID 9424    ][INFO      ] Default Logger initialized [dmvcframework]
2023-08-14 00:03:15:789  [TID 9424    ][INFO      ] ENTER: Config default values [dmvcframework]
2023-08-14 00:03:15:789  [TID 9424    ][INFO      ] EXIT: Config default values [dmvcframework]
2023-08-14 00:03:15:789  [TID 9424    ][INFO      ] >> Custom configuration method [dmvcframework]
2023-08-14 00:03:15:789  [TID 9424    ][INFO      ] << Custom configuration method [dmvcframework]
2023-08-14 00:03:15:970  [TID 9424    ][ERROR     ] [EFOpenError] Cannot open file "C:\Users\Emmy-chwaan\Documents\GitHub\internet_bookstore\Win32\Debug\2-8.jpg". The system cannot find the file specified [PathInfo "POST /api/books/upload"] (Custom message: "Global Action Exception Handler") [dmvcframework]
2023-08-14 00:03:34:280  [TID 8644    ][INFO      ] Default Logger initialized [dmvcframework]
2023-08-14 00:03:34:280  [TID 8644    ][INFO      ] ENTER: Config default values [dmvcframework]
2023-08-14 00:03:34:280  [TID 8644    ][INFO      ] EXIT: Config default values [dmvcframework]
2023-08-14 00:03:34:280  [TID 8644    ][INFO      ] >> Custom configuration method [dmvcframework]
2023-08-14 00:03:34:280  [TID 8644    ][INFO      ] << Custom configuration method [dmvcframework]
2023-08-14 00:03:34:441  [TID 8644    ][ERROR     ] [EFOpenError] Cannot open file "C:\Users\Emmy-chwaan\Documents\GitHub\internet_bookstore\Win32\Debug\2-8.jpg". The system cannot find the file specified [PathInfo "POST /api/books/upload"] (Custom message: "Global Action Exception Handler") [dmvcframework]
2023-08-14 00:04:02:151  [TID 13228   ][INFO      ] Default Logger initialized [dmvcframework]
2023-08-14 00:04:02:151  [TID 13228   ][INFO      ] ENTER: Config default values [dmvcframework]
2023-08-14 00:04:02:151  [TID 13228   ][INFO      ] EXIT: Config default values [dmvcframework]
2023-08-14 00:04:02:151  [TID 13228   ][INFO      ] >> Custom configuration method [dmvcframework]
2023-08-14 00:04:02:151  [TID 13228   ][INFO      ] << Custom configuration method [dmvcframework]
2023-08-14 00:05:33:252  [TID 12452   ][INFO      ] Default Logger initialized [dmvcframework]
2023-08-14 00:05:33:252  [TID 12452   ][INFO      ] ENTER: Config default values [dmvcframework]
2023-08-14 00:05:33:252  [TID 12452   ][INFO      ] EXIT: Config default values [dmvcframework]
2023-08-14 00:05:33:252  [TID 12452   ][INFO      ] >> Custom configuration method [dmvcframework]
2023-08-14 00:05:33:252  [TID 12452   ][INFO      ] << Custom configuration method [dmvcframework]
2023-08-14 00:31:59:466  [TID 4280    ][INFO      ] Default Logger initialized [dmvcframework]
2023-08-14 00:31:59:466  [TID 4280    ][INFO      ] ENTER: Config default values [dmvcframework]
2023-08-14 00:31:59:475  [TID 4280    ][INFO      ] EXIT: Config default values [dmvcframework]
2023-08-14 00:31:59:475  [TID 4280    ][INFO      ] >> Custom configuration method [dmvcframework]
2023-08-14 00:31:59:475  [TID 4280    ][INFO      ] << Custom configuration method [dmvcframework]
2023-08-14 00:31:59:653  [TID 4280    ][ERROR     ] [EFOpenError] Cannot open file "C:\Users\Emmy-chwaan\Documents\GitHub\internet_bookstore\Win32\Debug\2-8.jpg". The system cannot find the file specified [PathInfo "POST /api/books/upload"] (Custom message: "Global Action Exception Handler") [dmvcframework]
2023-08-14 00:32:02:293  [TID 4280    ][ERROR     ] [EFOpenError] Cannot open file "C:\Users\Emmy-chwaan\Documents\GitHub\internet_bookstore\Win32\Debug\2-8.jpg". The system cannot find the file specified [PathInfo "POST /api/books/upload"] (Custom message: "Global Action Exception Handler") [dmvcframework]
2023-08-14 00:33:29:680  [TID 9060    ][INFO      ] Default Logger initialized [dmvcframework]
2023-08-14 00:33:29:680  [TID 9060    ][INFO      ] ENTER: Config default values [dmvcframework]
2023-08-14 00:33:29:694  [TID 9060    ][INFO      ] EXIT: Config default values [dmvcframework]
2023-08-14 00:33:29:694  [TID 9060    ][INFO      ] >> Custom configuration method [dmvcframework]
2023-08-14 00:33:29:694  [TID 9060    ][INFO      ] << Custom configuration method [dmvcframework]
2023-08-14 00:33:29:837  [TID 9060    ][ERROR     ] [EEncodingError] No mapping for the Unicode character exists in the target multi-byte code page [PathInfo "POST /api/books/upload"] (Custom message: "Global Action Exception Handler") [dmvcframework]
2023-08-14 00:33:54:596  [TID 4284    ][INFO      ] Default Logger initialized [dmvcframework]
2023-08-14 00:33:54:596  [TID 4284    ][INFO      ] ENTER: Config default values [dmvcframework]
2023-08-14 00:33:54:596  [TID 4284    ][INFO      ] EXIT: Config default values [dmvcframework]
2023-08-14 00:33:54:596  [TID 4284    ][INFO      ] >> Custom configuration method [dmvcframework]
2023-08-14 00:33:54:596  [TID 4284    ][INFO      ] << Custom configuration method [dmvcframework]
2023-08-14 00:33:54:679  [TID 4284    ][INFO      ] POST:/api/books/upload [0:0:0:0:0:0:0:1] -> BookController.TBookController.UploadImage - 200 OK [dmvcframework]
2023-08-14 00:34:25:649  [TID 10864   ][INFO      ] Default Logger initialized [dmvcframework]
2023-08-14 00:34:25:649  [TID 10864   ][INFO      ] ENTER: Config default values [dmvcframework]
2023-08-14 00:34:25:649  [TID 10864   ][INFO      ] EXIT: Config default values [dmvcframework]
2023-08-14 00:34:25:649  [TID 10864   ][INFO      ] >> Custom configuration method [dmvcframework]
2023-08-14 00:34:25:649  [TID 10864   ][INFO      ] << Custom configuration method [dmvcframework]
2023-08-14 00:34:25:806  [TID 10864   ][ERROR     ] [EEncodingError] No mapping for the Unicode character exists in the target multi-byte code page [PathInfo "POST /api/books/upload"] (Custom message: "Global Action Exception Handler") [dmvcframework]
2023-08-14 00:35:23:614  [TID 6832    ][INFO      ] Default Logger initialized [dmvcframework]
2023-08-14 00:35:23:614  [TID 6832    ][INFO      ] ENTER: Config default values [dmvcframework]
2023-08-14 00:35:23:614  [TID 6832    ][INFO      ] EXIT: Config default values [dmvcframework]
2023-08-14 00:35:23:614  [TID 6832    ][INFO      ] >> Custom configuration method [dmvcframework]
2023-08-14 00:35:23:614  [TID 6832    ][INFO      ] << Custom configuration method [dmvcframework]
2023-08-14 00:35:23:701  [TID 6832    ][INFO      ] POST:/api/books/upload [0:0:0:0:0:0:0:1] -> BookController.TBookController.UploadImage - 200 OK [dmvcframework]
2023-08-14 00:35:44:627  [TID 12328   ][INFO      ] Default Logger initialized [dmvcframework]
2023-08-14 00:35:44:627  [TID 12328   ][INFO      ] ENTER: Config default values [dmvcframework]
2023-08-14 00:35:44:627  [TID 12328   ][INFO      ] EXIT: Config default values [dmvcframework]
2023-08-14 00:35:44:627  [TID 12328   ][INFO      ] >> Custom configuration method [dmvcframework]
2023-08-14 00:35:44:627  [TID 12328   ][INFO      ] << Custom configuration method [dmvcframework]
2023-08-14 00:35:44:724  [TID 12328   ][INFO      ] POST:/api/books/upload [0:0:0:0:0:0:0:1] -> BookController.TBookController.UploadImage - 200 OK [dmvcframework]
2023-08-14 00:37:27:138  [TID 10844   ][INFO      ] Default Logger initialized [dmvcframework]
2023-08-14 00:37:27:138  [TID 10844   ][INFO      ] ENTER: Config default values [dmvcframework]
2023-08-14 00:37:27:138  [TID 10844   ][INFO      ] EXIT: Config default values [dmvcframework]
2023-08-14 00:37:27:138  [TID 10844   ][INFO      ] >> Custom configuration method [dmvcframework]
2023-08-14 00:37:27:138  [TID 10844   ][INFO      ] << Custom configuration method [dmvcframework]
2023-08-14 00:37:27:234  [TID 10844   ][INFO      ] POST:/api/books/upload [0:0:0:0:0:0:0:1] -> BookController.TBookController.UploadImage - 200 OK [dmvcframework]
2023-08-14 00:41:30:329  [TID 5336    ][INFO      ] Default Logger initialized [dmvcframework]
2023-08-14 00:41:30:329  [TID 5336    ][INFO      ] ENTER: Config default values [dmvcframework]
2023-08-14 00:41:30:329  [TID 5336    ][INFO      ] EXIT: Config default values [dmvcframework]
2023-08-14 00:41:30:329  [TID 5336    ][INFO      ] >> Custom configuration method [dmvcframework]
2023-08-14 00:41:30:329  [TID 5336    ][INFO      ] << Custom configuration method [dmvcframework]
2023-08-14 00:41:30:432  [TID 5336    ][INFO      ] POST:/api/books/upload [0:0:0:0:0:0:0:1] -> BookController.TBookController.UploadImage - 200 OK [dmvcframework]
2023-08-14 00:42:09:466  [TID 5828    ][INFO      ] Default Logger initialized [dmvcframework]
2023-08-14 00:42:09:466  [TID 5828    ][INFO      ] ENTER: Config default values [dmvcframework]
2023-08-14 00:42:09:466  [TID 5828    ][INFO      ] EXIT: Config default values [dmvcframework]
2023-08-14 00:42:09:466  [TID 5828    ][INFO      ] >> Custom configuration method [dmvcframework]
2023-08-14 00:42:09:466  [TID 5828    ][INFO      ] << Custom configuration method [dmvcframework]
2023-08-14 00:42:09:635  [TID 5828    ][ERROR     ] [EFOpenError] Cannot open file "". The filename, directory name, or volume label syntax is incorrect [PathInfo "POST /api/books/upload"] (Custom message: "Global Action Exception Handler") [dmvcframework]
2023-08-14 00:42:50:259  [TID 6216    ][INFO      ] Default Logger initialized [dmvcframework]
2023-08-14 00:42:50:259  [TID 6216    ][INFO      ] ENTER: Config default values [dmvcframework]
2023-08-14 00:42:50:259  [TID 6216    ][INFO      ] EXIT: Config default values [dmvcframework]
2023-08-14 00:42:50:259  [TID 6216    ][INFO      ] >> Custom configuration method [dmvcframework]
2023-08-14 00:42:50:259  [TID 6216    ][INFO      ] << Custom configuration method [dmvcframework]
2023-08-14 00:42:50:345  [TID 6216    ][INFO      ] POST:/api/books/upload [0:0:0:0:0:0:0:1] -> BookController.TBookController.UploadImage - 200 OK [dmvcframework]
2023-08-14 00:43:43:445  [TID 2720    ][INFO      ] Default Logger initialized [dmvcframework]
2023-08-14 00:43:43:445  [TID 2720    ][INFO      ] ENTER: Config default values [dmvcframework]
2023-08-14 00:43:43:445  [TID 2720    ][INFO      ] EXIT: Config default values [dmvcframework]
2023-08-14 00:43:43:445  [TID 2720    ][INFO      ] >> Custom configuration method [dmvcframework]
2023-08-14 00:43:43:445  [TID 2720    ][INFO      ] << Custom configuration method [dmvcframework]
2023-08-14 00:43:43:527  [TID 2720    ][INFO      ] POST:/api/books/upload [0:0:0:0:0:0:0:1] -> BookController.TBookController.UploadImage - 200 OK [dmvcframework]
2023-08-14 00:44:41:695  [TID 7624    ][INFO      ] Default Logger initialized [dmvcframework]
2023-08-14 00:44:41:695  [TID 7624    ][INFO      ] ENTER: Config default values [dmvcframework]
2023-08-14 00:44:41:695  [TID 7624    ][INFO      ] EXIT: Config default values [dmvcframework]
2023-08-14 00:44:41:695  [TID 7624    ][INFO      ] >> Custom configuration method [dmvcframework]
2023-08-14 00:44:41:695  [TID 7624    ][INFO      ] << Custom configuration method [dmvcframework]
2023-08-14 00:44:41:868  [TID 7624    ][ERROR     ] [EFOpenError] Cannot open file "C:\Users\Emmy-chwaan\Documents\GitHub\internet_bookstore\Win32\Debug\tote blank.jpg". The system cannot find the file specified [PathInfo "POST /api/books/upload"] (Custom message: "Global Action Exception Handler") [dmvcframework]
2023-08-14 00:45:14:713  [TID 1460    ][INFO      ] Default Logger initialized [dmvcframework]
2023-08-14 00:45:14:713  [TID 1460    ][INFO      ] ENTER: Config default values [dmvcframework]
2023-08-14 00:45:14:713  [TID 1460    ][INFO      ] EXIT: Config default values [dmvcframework]
2023-08-14 00:45:14:713  [TID 1460    ][INFO      ] >> Custom configuration method [dmvcframework]
2023-08-14 00:45:14:713  [TID 1460    ][INFO      ] << Custom configuration method [dmvcframework]
2023-08-14 00:45:14:878  [TID 1460    ][ERROR     ] [EFOpenError] Cannot open file "C:\Users\Emmy-chwaan\Documents\GitHub\internet_bookstore\Win32\Debug\tote blank.jpg". The system cannot find the file specified [PathInfo "POST /api/books/upload"] (Custom message: "Global Action Exception Handler") [dmvcframework]
2023-08-14 00:45:36:020  [TID 12708   ][INFO      ] Default Logger initialized [dmvcframework]
2023-08-14 00:45:36:020  [TID 12708   ][INFO      ] ENTER: Config default values [dmvcframework]
2023-08-14 00:45:36:020  [TID 12708   ][INFO      ] EXIT: Config default values [dmvcframework]
2023-08-14 00:45:36:020  [TID 12708   ][INFO      ] >> Custom configuration method [dmvcframework]
2023-08-14 00:45:36:020  [TID 12708   ][INFO      ] << Custom configuration method [dmvcframework]
2023-08-14 00:45:36:186  [TID 12708   ][ERROR     ] [EFOpenError] Cannot open file "C:\Users\Emmy-chwaan\Documents\GitHub\internet_bookstore\Win32\Debug\ll". The system cannot find the file specified [PathInfo "POST /api/books/upload"] (Custom message: "Global Action Exception Handler") [dmvcframework]
2023-08-14 00:48:32:120  [TID 13316   ][INFO      ] Default Logger initialized [dmvcframework]
2023-08-14 00:48:32:120  [TID 13316   ][INFO      ] ENTER: Config default values [dmvcframework]
2023-08-14 00:48:32:131  [TID 13316   ][INFO      ] EXIT: Config default values [dmvcframework]
2023-08-14 00:48:32:131  [TID 13316   ][INFO      ] >> Custom configuration method [dmvcframework]
2023-08-14 00:48:32:131  [TID 13316   ][INFO      ] << Custom configuration method [dmvcframework]
2023-08-14 00:48:32:293  [TID 13316   ][ERROR     ] [EFOpenError] Cannot open file "C:\Users\Emmy-chwaan\Documents\GitHub\internet_bookstore\Win32\Debug\tote blank.jpg". The system cannot find the file specified [PathInfo "POST /api/books/upload"] (Custom message: "Global Action Exception Handler") [dmvcframework]
2023-08-14 00:55:06:762  [TID 12092   ][INFO      ] Default Logger initialized [dmvcframework]
2023-08-14 00:55:06:762  [TID 12092   ][INFO      ] ENTER: Config default values [dmvcframework]
2023-08-14 00:55:06:762  [TID 12092   ][INFO      ] EXIT: Config default values [dmvcframework]
2023-08-14 00:55:06:762  [TID 12092   ][INFO      ] >> Custom configuration method [dmvcframework]
2023-08-14 00:55:06:762  [TID 12092   ][INFO      ] << Custom configuration method [dmvcframework]
2023-08-14 00:55:50:087  [TID 2416    ][INFO      ] Default Logger initialized [dmvcframework]
2023-08-14 00:55:50:087  [TID 2416    ][INFO      ] ENTER: Config default values [dmvcframework]
2023-08-14 00:55:50:087  [TID 2416    ][INFO      ] EXIT: Config default values [dmvcframework]
2023-08-14 00:55:50:087  [TID 2416    ][INFO      ] >> Custom configuration method [dmvcframework]
2023-08-14 00:55:50:087  [TID 2416    ][INFO      ] << Custom configuration method [dmvcframework]
2023-08-14 00:57:07:722  [TID 12800   ][INFO      ] Default Logger initialized [dmvcframework]
2023-08-14 00:57:07:722  [TID 12800   ][INFO      ] ENTER: Config default values [dmvcframework]
2023-08-14 00:57:07:722  [TID 12800   ][INFO      ] EXIT: Config default values [dmvcframework]
2023-08-14 00:57:07:722  [TID 12800   ][INFO      ] >> Custom configuration method [dmvcframework]
2023-08-14 00:57:07:722  [TID 12800   ][INFO      ] << Custom configuration method [dmvcframework]
2023-08-14 01:05:18:435  [TID 12800   ][ERROR     ] [EFOpenError] Cannot open file "C:\Users\Emmy-chwaan\Documents\GitHub\internet_bookstore\Win32\Debug\tote blank.jpg". The system cannot find the file specified [PathInfo "POST /api/books/upload"] (Custom message: "Global Action Exception Handler") [dmvcframework]
