2023-09-05 08:52:19:806  [TID 928     ][INFO      ] Default Logger initialized [dmvcframework]
2023-09-05 08:52:19:806  [TID 928     ][INFO      ] ENTER: Config default values [dmvcframework]
2023-09-05 08:52:19:806  [TID 928     ][INFO      ] EXIT: Config default values [dmvcframework]
2023-09-05 08:52:19:806  [TID 928     ][INFO      ] >> Custom configuration method [dmvcframework]
2023-09-05 08:52:19:806  [TID 928     ][INFO      ] << Custom configuration method [dmvcframework]
2023-09-05 08:52:19:808  [TID 928     ][ERROR     ] [EMVCConfigException] ConnectionDefName "Internet_Bookstore_Connection" not found in config file "C:\Users\User\Documents\GitHub\internet_bookstore\Output\Bin\Win32\Debug\FDConnectionDefs.ini" - or config file not present [PathInfo "GET /api/books"] (Custom message: "") [dmvcframework]
2023-09-05 08:53:18:351  [TID 15376   ][INFO      ] Default Logger initialized [dmvcframework]
2023-09-05 08:53:18:351  [TID 15376   ][INFO      ] ENTER: Config default values [dmvcframework]
2023-09-05 08:53:18:351  [TID 15376   ][INFO      ] EXIT: Config default values [dmvcframework]
2023-09-05 08:53:18:351  [TID 15376   ][INFO      ] >> Custom configuration method [dmvcframework]
2023-09-05 08:53:18:351  [TID 15376   ][INFO      ] << Custom configuration method [dmvcframework]
2023-09-05 08:53:18:553  [TID 15376   ][INFO      ] GET:/api/books [0:0:0:0:0:0:0:1] -> BookController.TBookController.GetBooks - 200 OK [dmvcframework]
2023-09-05 08:55:44:182  [TID 13508   ][INFO      ] Default Logger initialized [dmvcframework]
2023-09-05 08:55:44:182  [TID 13508   ][INFO      ] ENTER: Config default values [dmvcframework]
2023-09-05 08:55:44:182  [TID 13508   ][INFO      ] EXIT: Config default values [dmvcframework]
2023-09-05 08:55:44:182  [TID 13508   ][INFO      ] >> Custom configuration method [dmvcframework]
2023-09-05 08:55:44:182  [TID 13508   ][INFO      ] << Custom configuration method [dmvcframework]
2023-09-05 08:55:44:186  [TID 13508   ][ERROR     ] [EFDException] [FireDAC][Phys][MySQL]-314. Cannot load vendor library [C:\Users\User\Documents\GitHub\internet_bookstore\Server\Win32\Debug\libmysql.dll]. The specified module could not be found
Hint: check it is in the PATH or application EXE directories, and has x86 bitness. [PathInfo "GET /api/books"] (Custom message: "Global Action Exception Handler") [dmvcframework]
2023-09-05 08:55:54:624  [TID 2040    ][ERROR     ] [EFDException] [FireDAC][Phys][MySQL]-314. Cannot load vendor library [C:\Users\User\Documents\GitHub\internet_bookstore\Server\Win32\Debug\libmysql.dll]. The specified module could not be found
Hint: check it is in the PATH or application EXE directories, and has x86 bitness. [PathInfo "GET /api/books"] (Custom message: "Global Action Exception Handler") [dmvcframework]
2023-09-05 08:56:55:462  [TID 4388    ][INFO      ] Default Logger initialized [dmvcframework]
2023-09-05 08:56:55:462  [TID 4388    ][INFO      ] ENTER: Config default values [dmvcframework]
2023-09-05 08:56:55:463  [TID 4388    ][INFO      ] EXIT: Config default values [dmvcframework]
2023-09-05 08:56:55:463  [TID 4388    ][INFO      ] >> Custom configuration method [dmvcframework]
2023-09-05 08:56:55:463  [TID 4388    ][INFO      ] << Custom configuration method [dmvcframework]
2023-09-05 08:56:55:467  [TID 4388    ][ERROR     ] [EFDException] [FireDAC][Phys][MySQL]-314. Cannot load vendor library [C:\Users\User\Documents\GitHub\internet_bookstore\Server\Win32\Debug\libmysql.dll]. The specified module could not be found
Hint: check it is in the PATH or application EXE directories, and has x86 bitness. [PathInfo "GET /api/books"] (Custom message: "Global Action Exception Handler") [dmvcframework]
2023-09-05 08:57:43:602  [TID 1916    ][INFO      ] Default Logger initialized [dmvcframework]
2023-09-05 08:57:43:602  [TID 1916    ][INFO      ] ENTER: Config default values [dmvcframework]
2023-09-05 08:57:43:602  [TID 1916    ][INFO      ] EXIT: Config default values [dmvcframework]
2023-09-05 08:57:43:602  [TID 1916    ][INFO      ] >> Custom configuration method [dmvcframework]
2023-09-05 08:57:43:602  [TID 1916    ][INFO      ] << Custom configuration method [dmvcframework]
2023-09-05 08:57:45:629  [TID 1916    ][ERROR     ] [EFDException] [FireDAC][Phys][MySQL]-314. Cannot load vendor library [C:\Users\User\Documents\GitHub\internet_bookstore\Output\Bin\Win32\Debug\FDConnectionDefs.ini]. %1 is not a valid Win32 application
Hint: check it is in the PATH or application EXE directories, and has x86 bitness. [PathInfo "GET /api/books"] (Custom message: "Global Action Exception Handler") [dmvcframework]
2023-09-05 08:58:11:661  [TID 10032   ][ERROR     ] [EFDException] [FireDAC][Phys][MySQL]-314. Cannot load vendor library [C:\Users\User\Documents\GitHub\internet_bookstore\Output\Bin\Win32\Debug\FDConnectionDefs.ini]. %1 is not a valid Win32 application
Hint: check it is in the PATH or application EXE directories, and has x86 bitness. [PathInfo "GET /api/books"] (Custom message: "Global Action Exception Handler") [dmvcframework]
2023-09-05 08:59:56:785  [TID 15256   ][INFO      ] Default Logger initialized [dmvcframework]
2023-09-05 08:59:56:785  [TID 15256   ][INFO      ] ENTER: Config default values [dmvcframework]
2023-09-05 08:59:56:785  [TID 15256   ][INFO      ] EXIT: Config default values [dmvcframework]
2023-09-05 08:59:56:785  [TID 15256   ][INFO      ] >> Custom configuration method [dmvcframework]
2023-09-05 08:59:56:785  [TID 15256   ][INFO      ] << Custom configuration method [dmvcframework]
2023-09-05 08:59:56:838  [TID 15256   ][INFO      ] GET:/api/books [0:0:0:0:0:0:0:1] -> BookController.TBookController.GetBooks - 200 OK [dmvcframework]
2023-09-05 11:05:50:156  [TID 7344    ][INFO      ] Default Logger initialized [dmvcframework]
2023-09-05 11:05:50:156  [TID 7344    ][INFO      ] ENTER: Config default values [dmvcframework]
2023-09-05 11:05:50:156  [TID 7344    ][INFO      ] EXIT: Config default values [dmvcframework]
2023-09-05 11:05:50:156  [TID 7344    ][INFO      ] >> Custom configuration method [dmvcframework]
2023-09-05 11:05:50:156  [TID 7344    ][INFO      ] << Custom configuration method [dmvcframework]
2023-09-05 11:05:50:231  [TID 7344    ][INFO      ] GET:/api/books [0:0:0:0:0:0:0:1] -> BookController.TBookController.GetBooks - 200 OK [dmvcframework]
2023-09-05 11:06:11:044  [TID 7344    ][INFO      ] POST:/api/reviews [0:0:0:0:0:0:0:1] -> CustomerReviewController.TCustomerReviewController.CreateCustomerReview - 201 Created [dmvcframework]
2023-09-05 11:09:28:357  [TID 4380    ][INFO      ] Default Logger initialized [dmvcframework]
2023-09-05 11:09:28:357  [TID 4380    ][INFO      ] ENTER: Config default values [dmvcframework]
2023-09-05 11:09:28:357  [TID 4380    ][INFO      ] EXIT: Config default values [dmvcframework]
2023-09-05 11:09:28:357  [TID 4380    ][INFO      ] >> Custom configuration method [dmvcframework]
2023-09-05 11:09:28:357  [TID 4380    ][INFO      ] << Custom configuration method [dmvcframework]
2023-09-05 11:09:28:399  [TID 4380    ][INFO      ] GET:/api/books [0:0:0:0:0:0:0:1] -> BookController.TBookController.GetBooks - 200 OK [dmvcframework]
2023-09-05 11:09:48:057  [TID 4380    ][INFO      ] POST:/api/reviewss [0:0:0:0:0:0:0:1] -> {NOT FOUND} - 404 Not Found [dmvcframework]
2023-09-05 11:09:48:058  [TID 4380    ][ERROR     ] [EMVCException] Not Found [PathInfo "POST /api/reviewss"] (Custom message: "POST /api/reviewss") [dmvcframework]
